1    1   -39.600     1.869     1.985    61.305  B
1    2    -2.584    47.754    39.761    69.433 NB
1    3   -34.460   -12.843     0.595    24.850  B
1    4    20.207    22.795    28.731    47.888 NB
1    5    46.033   -53.757    40.417    53.492 NB
1    6    33.819   -45.474    25.896    56.237 NB
1    7   -38.821   -42.571     5.818    78.742  B
1    8    71.678    23.831    33.392    60.262 NB
1    9   -33.719    12.156     3.795    69.396  B
1   10    40.033    69.574    48.402    86.345 NB
1   11   -18.634    17.228     8.731    51.996  B
1   12    48.645    -5.883    45.527    59.318 NB
1   13    24.070   -55.111    23.857    66.035 NB
1   14    67.892    26.762    38.009    60.138 NB
1   15   -49.455   -28.270     8.469    63.225  B
1   16    52.938    24.098    51.368    88.745 NB
1   17   -30.294    -7.969     0.973     9.730  B
1   18    11.539   -71.286    35.260    78.551 NB
1   19    38.931    52.112    62.441    67.001 NB
1   20   -22.111    68.852    31.646    71.146 NB
1   21    57.268   -14.697    42.347    76.788 NB
1   22   -58.842    -8.602    16.590    77.050 NB
1   23   -49.273    37.682    27.236    52.666 NB
1   24   -64.518   -18.265    20.220    87.615 NB
1   25    47.883    33.467    57.221    52.239 NB
1   26   -25.462     5.594     3.404    47.325  B
1   27   -28.326   -58.537    16.020    79.612 NB
1   28   -12.159   -68.987    26.472    97.322 NB
1   29    43.751    -7.853    40.264    55.811 NB
1   30   -65.360    11.061    24.225    41.457 NB
1   31   -29.210    63.764    37.048    55.347 NB
1   32    67.257   -28.792    33.886    58.077 NB
1   33     3.127   -39.768     5.454    63.080  B
1   34    57.937    20.003    45.611    63.735 NB
1   35   -59.054     3.836    19.038    47.413 NB
1   36    64.998   -41.722    40.766    47.324 NB
1   37   -52.904    59.216    48.962    62.332 NB
1   38    50.709   -29.568    41.533    88.417 NB
1   39   -64.832    33.727    32.355    59.245 NB
1   40   -48.106   -22.921     4.760    85.508  B
1   41   -41.408   -19.993     0.347    15.960  B
1   42    49.948    29.203    55.664    68.148 NB
1   43     5.355     2.932     4.874    40.709  B
1   44    -6.075    10.555     3.615    59.709  B
1   45    20.339    -2.341    18.900    91.277 NB
1   46     8.191    32.629    29.440   106.858 NB
1   47   -34.306    63.502    38.084    47.386 NB
1   48    62.583    21.332    41.342    55.718 NB
1   49   -18.001    21.402    12.292    62.712 NB
1   50   -53.188    25.001    17.953    83.142 NB
1   51   -20.087    10.277     5.936    52.815  B
1   52    38.903   -49.486    32.145    87.196 NB
1   53    33.566    18.573    37.066    83.692 NB
1   54   -33.659    50.853    39.757    43.443 NB
1   55   -49.741   -60.291    26.414    60.120 NB
1   56    50.668   -46.349    42.247    70.098 NB
1   57   -61.173    57.995    50.453    99.731 NB
1   58   -52.273    16.355    12.069    63.682 NB
1   59   -64.083    52.390    46.721    54.213 NB
1   60    18.560    17.038    24.029    91.517 NB
1   61   -59.944    69.747    43.186   123.392 NB
1   62     1.954    -4.830     1.714    30.751  B
1   63     3.936     3.508     4.345    49.072  B
1   64    25.535   -43.353    17.437    64.597 NB
1   65   -28.524     0.455     0.520     5.550  B
1   66   -67.913   -58.298    38.386    42.310 NB
1   67    -2.219    60.494    41.807    70.834 NB
1   68   -13.484    -3.093     0.249     0.890  B
1   69    57.627   -67.590    57.370    64.408 NB
1   70    38.068   -15.094    33.046    61.672 NB
1   71    49.610    71.470    53.631    66.250 NB
1   72    22.233   -62.650    29.387    64.396 NB
1   73     2.518    21.229    16.731    87.059 NB
1   74    44.039   -36.276    34.351    74.222 NB
1   75   -21.795    63.714    36.794    47.203 NB
1   76   -32.293    40.964    30.259    52.831 NB
1   77     8.085    12.661    12.931    80.991 NB
1   78    -7.781   -11.831     0.401     0.000  B
1   79   -69.406     2.308    29.369    76.671 NB
1   80    58.096    -0.658    44.464    65.916 NB
1   81    19.738     7.864    19.853    61.047 NB
1   82    61.066     5.372    42.010    42.277 NB
1   83    70.445   -41.588    35.913    54.079 NB
1   84    14.236   -38.194     5.016    83.157  B
1   85    57.810   -59.376    53.465    48.251 NB
1   86    42.868    14.622    43.857   131.208 NB
1   87   -48.743    65.137    41.960    60.485 NB
1   88    30.591   -35.764    20.904    76.586 NB
1   89    25.164    32.808    39.201    56.091 NB
1   90   -69.691   -35.979    29.896    57.164 NB
1   91    70.298    50.462    50.584    81.369 NB
1   92    30.575    -5.148    29.298   106.063 NB
1   93   -10.250    15.133     6.688    71.380  B
1   94   -31.295    26.960    17.305    68.738 NB
1   95    63.243    50.979    55.743    49.008 NB
1   96    12.299   -64.283    28.328    62.987 NB
1   97   -15.800   -29.028     0.089     0.000  B
1   98    40.999   -26.578    32.718    70.399 NB
1   99     1.026   -29.978     0.228    20.371  B
1  100    -3.538    30.208    23.086    86.599 NB
1  101    19.091    49.998    49.800    74.279 NB
1  102    53.342    67.175    59.281    58.924 NB
1  103   -66.673    -4.698    25.334    67.005 NB
1  104    23.382    70.216    39.515    75.976 NB
1  105    61.164    67.946    60.469    68.120 NB
1  106    35.223   -41.698    26.146    54.665 NB
1  107   -39.076   -69.667    29.974    84.255 NB
1  108   -22.336   -40.908     0.247    23.231  B
1  109   -40.909    35.250    23.563    49.830 NB
1  110   -16.367   -56.509    13.767    65.314 NB
1  111   -58.555   -26.428    15.781    85.628 NB
1  112   -17.364     5.225     2.014    30.061  B
1  113   -44.944    33.006    21.654    44.538 NB
1  114    20.930   -28.000    13.841    82.585 NB
1  115    70.691    10.160    32.098    62.441 NB
1  116   -30.618    23.918    15.007    67.059 NB
1  117    28.255    39.529    46.258    74.871 NB
1  118    55.044    42.128    56.619    64.836 NB
1  119   -42.621    28.114    16.493    71.931 NB
1  120    15.630   -51.015    16.078    76.297 NB
1  121     7.387    63.078    42.388    61.535 NB
1  122   -48.344    -3.815    10.076    67.141  B
1  123   -17.033    35.177    25.617    64.065 NB
1  124    38.191   -11.524    33.896    54.021 NB
1  125    42.912    32.587    52.726    79.550 NB
1  126   -35.476   -33.154     1.820    45.921  B
1  127   -49.590   -64.912    30.219    67.679 NB
1  128   -13.870   -41.602     1.173    33.122  B
1  129    -9.567     6.612     0.599    17.922  B
1  130    51.612    49.122    63.403    74.032 NB
1  131    -3.514   -70.509    29.482    74.073 NB
1  132   -46.948    22.201    12.009    54.545 NB
1  133     7.648   -24.598     2.454    28.283  B
1  134   -12.356    42.006    32.337    49.790 NB
1  135    12.290    59.325    47.860    62.433 NB
1  136    57.508    -4.562    43.775    85.408 NB
1  137    30.804    36.386    45.712    54.823 NB
1  138    44.425   -66.950    46.474    58.284 NB
1  139    -9.600   -34.733     0.666     0.000  B
1  140    19.492   -40.085    10.592    57.913 NB
1  141    19.864    25.150    30.038    42.740 NB
1  142   -66.326   -25.060    23.018    57.245 NB
1  143   -61.268    50.310    43.551    45.050 NB
1  144   -28.998    44.811    34.819    55.655 NB
1  145     4.487   -59.145    22.524    87.545 NB
1  146   -60.214   -51.613    28.332    59.924 NB
1  147    13.150    26.041    26.206    82.826 NB
1  148   -30.862   -46.099     5.921    94.261  B
1  149    57.918   -43.906    48.018    60.118 NB
1  150    30.396    26.058    38.864    97.455 NB
1  151   -43.392    16.249     5.085    65.602  B
1  152    38.983    37.189    52.380    61.282 NB
1  153    30.303   -69.292    39.094    85.699 NB
1  154    65.770     5.752    37.294    66.378 NB
1  155    49.895   -53.366    43.766    43.159 NB
1  156   -37.853   -56.840    18.379    86.657 NB
1  157    63.248   -68.159    54.475    63.465 NB
1  158   -56.417   -43.588    21.651    55.531 NB
1  159   -63.827     6.559    22.991    41.177 NB
1  160    56.399     8.681    46.418   103.401 NB
1  161   -19.189    59.150    41.566    54.389 NB
1  162     3.627    54.464    48.156    89.570 NB
1  163    36.854    17.735    39.553    74.815 NB
1  164   -62.998   -59.961    35.385    83.985 NB
1  165    28.477   -21.758    23.120   110.858 NB
1  166   -46.325    13.398     5.457    42.300  B
1  167     8.000    43.931    39.707   102.027 NB
1  168   -20.145    41.230    32.070    62.016 NB
1  169   -52.695    52.792    42.697    56.982 NB
1  170    65.225   -53.468    45.926    44.995 NB
1  171    61.635    49.792    56.081    64.204 NB
1  172   -52.395     1.493    13.817    58.834 NB
1  173   -22.879   -53.126    10.267    85.556  B
1  174     4.529   -45.033     9.203    95.510  B
1  175     3.926   -17.251     1.693    36.962  B
1  176    47.412    42.969    62.577    69.539 NB
1  177    18.480   -63.972    29.249    54.413 NB
1  178    58.776    37.084    50.809   101.809 NB
1  179   -11.251    62.967    37.901    85.210 NB
1  180    26.315    53.407    56.266    78.324 NB
1  181    63.605    15.648    39.378    67.834 NB
1  182    36.876     4.607    35.625    85.456 NB
1  183    54.997   -33.197    45.399    61.131 NB
1  184    46.833    56.179    63.177    72.723 NB
1  185   -49.831   -53.434    21.274    63.187 NB
1  186   -44.819    56.722    45.184    66.961 NB
1  187    71.956   -15.988    27.621    56.466 NB
1  188   -23.953    51.216    42.506    76.321 NB
1  189    24.048   -51.700    21.221    60.594 NB
1  190    52.606   -40.653    43.161    55.995 NB
1  191    35.620   -60.111    35.357    90.005 NB
1  192   -10.163    50.861    41.337    48.179 NB
1  193   -49.172   -70.529    35.010    70.826 NB
1  194   -31.380   -64.828    22.783    76.479 NB
1  195   -10.054    28.689    19.412    67.565 NB
1  196    16.899    58.952    48.866    54.731 NB
1  197    39.696   -34.773    30.035    57.957 NB
1  198    60.617   -27.225    40.133    69.377 NB
1  199    39.246    43.951    57.040    62.699 NB
1  200    56.721    60.580    66.281    58.518 NB
1  201   -69.111    18.657    28.823    63.012 NB
1  202    19.049   -10.329    16.808    73.447 NB
1  203    26.757     5.232    25.755    83.743 NB
1  204   -67.807   -68.480    44.645    61.423 NB
1  205   -22.729    34.618    26.326    70.809 NB
1  206    43.752   -61.286    42.378    62.044 NB
1  207    -7.559    39.549    30.555    71.579 NB
1  208   -37.358   -20.033     0.728     1.260  B
1  209   -61.785    30.466    27.905    72.291 NB
1  210   -42.661   -57.532    20.483    67.566 NB
1  211    23.741   -13.369    19.545    72.184 NB
1  212    12.815   -54.669    18.855    73.912 NB
1  213   -62.041   -35.860    23.158    59.745 NB
1  214   -44.353    46.789    35.248    64.950 NB
1  215   -17.250    53.475    43.863    44.814 NB
1  216    12.510   -18.012     7.415    73.640  B
1  217    -4.869   -38.379     2.619    49.744  B
1  218    64.673   -35.813    38.462    62.167 NB
1  219   -56.588    37.585    30.153    62.734 NB
1  220   -11.852   -51.257     9.326    68.132  B
1  221    63.592   -61.118    50.546    51.857 NB
1  222    34.674    49.300    57.839    68.506 NB
1  223    44.484   -13.690    39.603    76.372 NB
1  224    20.031   -19.370    14.640    64.083 NB
1  225    -0.595   -17.071     1.978    16.321  B
1  226   -39.309    66.771    36.413    54.455 NB
1  227    65.981    61.248    61.425   120.606 NB
1  228    57.717   -17.166    41.854    57.306 NB
1  229   -27.863    14.714     7.206    70.884  B
1  230    -7.213    23.880    15.780    68.572 NB
1  231    62.848   -50.258    46.985    60.179 NB
1  232   -28.980    70.921    29.901    67.954 NB
1  233   -36.995    47.738    36.288    56.928 NB
1  234    68.687    39.453    43.972    87.610 NB
1  235   -69.975   -70.495    47.605    94.772 NB
1  236    53.573   -57.887    49.006    60.025 NB
1  237    61.896   -19.091    37.748    54.209 NB
1  238   -52.098   -47.677    19.343    44.451 NB
1  239   -35.508     3.330     0.525    12.011  B
1  240    25.884    59.663    50.299    91.578 NB
1  241   -59.740    -0.649    20.984    50.935 NB
1  242   -68.946   -29.931    26.747    50.467 NB
1  243    52.738    59.450    64.352    55.230 NB
1  244   -61.208    14.329    20.238    53.544 NB
1  245   -61.590   -44.609    26.907    63.736 NB
1  246   -61.190    40.286    34.925    58.320 NB
1  247   -47.857    42.837    31.864    50.498 NB
1  248     1.091   -64.839    25.717    61.139 NB
1  249   -52.343   -10.065    10.377    92.059  B
1  250     1.935    66.757    36.940    56.510 NB
1  251   -71.673   -48.983    37.819    70.938 NB
1  252   -42.350    -9.838     3.334    75.663  B
1  253    12.084     3.647    11.176    70.546 NB
1  254    18.728    34.212    36.086    82.875 NB
1  255    11.455   -28.356     5.449    74.724  B
1  256   -61.515    19.605    21.856    66.849 NB
1  257    24.620   -35.181    14.957    58.676 NB
1  258    46.891    -0.143    45.323   100.872 NB
1  259   -68.419    45.477    43.424    68.812 NB
1  260   -23.756    26.134    19.005    69.491 NB
1  261   -44.148    61.917    42.786    45.174 NB
1  262    70.527   -58.443    43.172    59.519 NB
1  263    -6.037   -55.984    14.839    91.009 NB
1  264    18.735    44.668    44.905    83.917 NB
1  265   -46.684   -45.268    13.493    71.754 NB
1  266   -49.601     8.521     8.643    72.010  B
1  267   -33.945    56.213    45.042    67.637 NB
1  268   -64.674   -53.608    33.196    43.378 NB
1  269    39.054    61.032    54.786   104.371 NB
1  270   -56.614   -34.346    17.833    58.230 NB
1  271   -17.877   -63.752    21.104    90.174 NB
1  272    -4.779   -49.225     9.104    82.431  B
1  273     2.482   -69.754    30.784    48.079 NB
1  274    41.542   -22.945    34.453    74.088 NB
1  275    70.653    32.559    38.314    66.652 NB
1  276    35.934   -66.149    39.915    53.370 NB
1  277     2.453    15.758    11.734    66.328  B
1  278    67.706   -20.507    32.089    56.749 NB
1  279   -36.036    37.189    25.905    61.992 NB
1  280    33.451     5.268    32.338    61.581 NB
1  281   -15.075    48.089    38.379    45.112 NB
1  282   -26.807   -39.071     0.855    20.951  B
1  283    19.291    65.841    42.540    63.912 NB
1  284     1.182    42.587    36.279    74.261 NB
1  285     7.175    -9.063     6.811    91.537  B
1  286   -55.216    47.353    38.342    56.852 NB
1  287   -70.773   -10.782    27.067    95.307 NB
1  288    15.558     8.232    16.302    45.383 NB
1  289   -44.062   -37.561     8.309    59.844  B
1  290    -8.942    56.444    44.677    55.835 NB
1  291   -48.547   -34.361    12.448    58.178  B
2    1   -43.100    -9.630    16.357    73.123 NB
2    2   -34.505   -28.602     2.468    34.241  B
2    3   -14.631    52.070    50.912    71.267 NB
2    4   -36.291   -19.490     6.752    81.783  B
2    5    -1.991   -48.314    15.996    66.241 NB
2    6    57.803    10.259    60.806    87.517 NB
2    7    40.207    70.923    58.312   105.139 NB
2    8    -1.195   -52.888    20.624    75.958 NB
2    9   -70.046     2.065    45.724    49.338 NB
2   10    57.248    33.067    67.453    67.739 NB
2   11   -71.853    25.113    58.476    63.948 NB
2   12   -37.962   -54.780    17.230    54.413 NB
2   13   -47.008    24.616    41.291    69.050 NB
2   14   -38.598    -9.760    12.374    70.582  B
2   15     0.838    37.569    35.615    78.616 NB
2   16   -55.263    70.763    40.689    76.587 NB
2   17     3.374   -33.988     5.334    97.815  B
2   18    -6.534   -61.556    27.631    63.069 NB
2   19    61.951    45.131    77.114    66.368 NB
2   20   -38.734    16.599    30.070    52.402 NB
2   21   -44.527   -57.695    22.397    75.402 NB
2   22     2.378   -67.481    35.648   100.868 NB
2   23   -37.691    62.391    43.070    65.471 NB
2   24    36.776   -20.157    39.439    61.341 NB
2   25    26.335   -34.380    27.849    97.753 NB
2   26    25.499    45.275    51.880    72.587 NB
2   27    56.016   -70.601    63.204    72.417 NB
2   28    51.108   -37.059    52.766    56.940 NB
2   29   -44.888   -70.209    34.016    44.364 NB
2   30   -58.541    37.826    58.752    68.107 NB
2   31   -66.895    52.258    62.545    56.209 NB
2   32    64.125    69.770    58.178    59.176 NB
2   33   -71.958   -61.598    44.895    71.625 NB
2   34    70.062   -49.561    41.759    68.210 NB
2   35    46.869   -31.546    48.183    65.960 NB
2   36    13.677   -15.456    17.751    58.694 NB
2   37    -2.210   -25.046     2.386    46.155  B
2   38    69.122   -70.326    52.231    62.875 NB
2   39    48.038   -42.327    50.570    47.088 NB
2   40    42.000    -6.389    42.989    91.910 NB
2   41    14.664   -21.656    18.219    72.512 NB
2   42   -59.749   -30.114    25.768    69.192 NB
2   43    -6.760    40.310    38.129    46.740 NB
2   44    14.846    -6.516    15.861    63.006 NB
2   45    21.969   -13.029    24.170    86.083 NB
2   46    39.385   -38.551    41.352    51.464 NB
2   47   -63.157   -38.351    28.932    30.662 NB
2   48    53.549   -46.790    56.994    64.699 NB
2   49    34.742    60.657    62.614    76.533 NB
2   50   -16.145    -4.302     4.853    36.992  B
2   51   -26.180    20.405    28.296    53.322 NB
2   52    24.708    -4.798    25.694    67.560 NB
2   53    39.041   -61.507    50.305    81.906 NB
2   54   -60.581   -66.214    38.901    38.489 NB
2   55   -13.065     4.899     8.266    79.664  B
2   56   -41.993    49.727    56.163    68.177 NB
2   57    22.658   -68.829    44.352    70.375 NB
2   58    14.248   -68.812    40.404    69.167 NB
2   59   -54.889   -57.635    28.822    51.208 NB
2   60   -27.298    67.380    38.436    55.821 NB
2   61    -7.304   -29.655     0.094    11.310  B
2   62   -32.174    32.560    41.342    83.036 NB
2   63   -29.654   -40.802     4.021    51.014  B
2   64    -8.650    59.203    49.499    86.381 NB
2   65    12.275   -65.301    36.405    61.361 NB
2   66   -16.611   -49.493    14.791    98.913 NB
2   67    47.074    20.251    52.876    82.750 NB
2   68    56.864    38.666    69.921    54.623 NB
2   69   -65.937   -55.567    36.661    88.335 NB
2   70    19.130    17.130    26.572    76.699 NB
2   71    71.111    52.535    65.655    66.570 NB
2   72   -20.587    53.333    53.111    68.548 NB
2   73    22.643    35.561    42.246    66.331 NB
2   74   -37.347   -21.904     7.093    47.417  B
2   75    51.449   -65.220    62.638    83.150 NB
2   76    20.196   -44.654    25.235    83.426 NB
2   77   -46.990     1.683    24.615    95.420 NB
2   78   -51.113    27.978    46.417    60.252 NB
2   79    55.619   -59.669    58.707    60.641 NB
2   80    23.209    23.680    33.846    76.692 NB
2   81    12.804     2.208    15.192    48.333 NB
2   82    70.090   -29.418    39.787    98.173 NB
2   83   -53.394    -5.062    27.616    70.886 NB
2   84   -11.393    16.247    15.806    73.493 NB
2   85   -56.284    30.367    51.415    53.103 NB
2   86   -21.996    66.281    40.086    55.720 NB
2   87    -3.163   -59.626    26.922    63.552 NB
2   88   -59.215    57.601    54.068    55.731 NB
2   89   -12.005    27.940    26.881    58.397 NB
2   90   -62.397   -35.573    27.974    51.403 NB
2   91   -69.466   -46.588    36.749    60.658 NB
2   92     6.494   -47.635    17.906    78.075 NB
2   93   -42.356    30.685    44.190    50.140 NB
2   94    13.464    40.507    42.021    41.557 NB
2   95    43.918     4.800    46.049    68.729 NB
2   96    53.522   -14.595    55.264    71.855 NB
2   97    47.429   -19.653    49.909    56.715 NB
2   98     1.813    17.211    16.018    50.694 NB
2   99   -26.888    38.059    42.477    62.911 NB
2  100   -37.350   -33.684     3.167    71.596  B
2  101    58.986    -2.814    58.172   101.015 NB
2  102   -25.875     1.085    10.372    65.495 NB
2  103   -11.627   -68.565    33.704    56.112 NB
2  104   -11.097    21.995    20.956    67.070 NB
2  105    69.304    43.416    73.110    69.364 NB
2  106   -43.936    37.452    50.952    92.063 NB
2  107    32.805   -32.479    34.167    87.338 NB
2  108   -65.688   -70.533    45.557    55.531 NB
2  109    25.573    38.880    46.657    53.726 NB
2  110   -68.360   -19.255    36.645    71.966 NB
2  111    60.686   -61.858    54.938    63.974 NB
2  112   -57.152   -53.782    28.210    63.167 NB
2  113    24.043    54.170    58.907    76.821 NB
2  114   -62.343   -67.277    40.890    36.449 NB
2  115    53.926    51.005    74.957   107.700 NB
2  116     5.863   -21.523    10.871    95.945  B
2  117    -1.972    68.696    41.489    87.203 NB
2  118   -47.043    11.550    30.976    65.622 NB
2  119   -35.939    42.654    51.484    72.565 NB
2  120    28.479    62.426    57.703    46.002 NB
2  121   -46.885   -18.819    17.072    75.221 NB
2  122   -47.153    68.647    39.017    55.867 NB
2  123    32.026     7.536    34.920    62.099 NB
2  124   -69.919   -13.020    40.614    79.158 NB
2  125   -60.176    26.746    51.053    49.371 NB
2  126   -55.258    -0.587    31.110    75.447 NB
2  127   -69.780    68.682    51.380    54.877 NB
2  128    43.418   -41.324    45.842    55.300 NB
2  129   -28.147    62.571    43.068    58.603 NB
2  130   -32.297   -66.019    27.974    66.434 NB
2  131    47.655   -53.181    53.585   105.123 NB
2  132    59.999    22.935    65.946    67.696 NB
2  133    34.979    -8.745    36.109    87.959 NB
2  134    61.796   -23.942    48.812    97.781 NB
2  135    14.482     9.629    18.704    59.106 NB
2  136   -49.918    46.284    61.178    65.178 NB
2  137   -21.110    47.123    47.998    49.847 NB
2  138    20.590    -1.981    21.843    49.480 NB
2  139   -15.831    33.012    32.932    47.328 NB
2  140   -54.391   -46.487    22.319    61.795 NB
2  141   -10.526    70.352    38.218    65.582 NB
2  142    41.699    -0.037    43.017    67.550 NB
2  143   -50.877   -15.981    21.702    61.016 NB
2  144   -35.596    14.028    26.299    66.188 NB
2  145     3.483    60.436    50.971    60.807 NB
2  146    40.838   -22.176    42.941    40.982 NB
2  147    65.430   -33.582    44.086    53.643 NB
2  148    55.467   -27.097    54.591    80.146 NB
2  149    59.607    64.391    65.058    74.915 NB
2  150   -30.071   -56.810    19.081    47.833 NB
2  151   -25.381    -5.044     4.672    86.120  B
2  152   -38.311    28.684    40.638    55.290 NB
2  153    50.659    64.963    70.011    97.699 NB
2  154   -44.023   -28.618    10.578    86.347 NB
2  155   -44.340    14.155    31.279    55.473 NB
2  156   -15.660    61.719    45.647    72.842 NB
2  157    32.165   -17.989    35.440    61.484 NB
2  158     8.346   -10.879    10.795    67.163 NB
2  159     8.098    18.075    19.591    80.557 NB
2  160    55.793    16.143    59.976    65.184 NB
2  161   -13.202    43.226    41.967    72.938 NB
2  162    66.039    61.749    62.016    62.630 NB
2  163   -22.095    14.618    21.358    64.905 NB
2  164   -58.929   -11.949    30.602    91.166 NB
2  165    -3.711     9.554     7.278    50.958  B
2  166    68.011    -8.321    47.886    51.708 NB
2  167     7.506     7.344    11.469    74.309 NB
2  168   -30.944    55.791    49.564    91.399 NB
2  169   -65.425   -41.665    31.721    59.849 NB
2  170     4.361    50.795    49.227    72.544 NB
2  171   -11.748   -31.729     1.868    41.462  B
2  172   -37.076    -3.699    13.364    53.564  B
2  173    67.895   -39.256    41.827    78.380 NB
2  174   -67.506    61.070    55.643    48.747 NB
2  175    28.913    31.380    43.250    86.010 NB
2  176   -64.142    46.435    66.243    56.595 NB
2  177   -19.003    10.190    15.978    68.207 NB
2  178    43.872    66.833    63.794    67.168 NB
2  179   -48.719   -66.369    32.021    63.205 NB
2  180    41.282    32.590    53.584    99.475 NB
2  181   -35.669   -44.532     6.740    91.019  B
2  182    17.050   -48.016    24.708    65.060 NB
2  183    41.610   -60.953    52.076    70.220 NB
2  184    22.468     5.928    25.228    70.567 NB
2  185    67.914     3.552    51.788    92.888 NB
2  186   -53.024   -29.815    19.163    76.544 NB
2  187    -3.474    -7.917     1.718    41.342  B
2  188    57.945   -12.320    55.580    66.105 NB
2  189    44.711    42.653    62.522    67.680 NB
2  190   -52.181   -37.394    17.923    91.631 NB
2  191   -61.966    22.385    49.195    66.390 NB
2  192    48.362    13.916    52.227    55.191 NB
2  193    47.370   -15.652    49.415    63.664 NB
2  194   -36.751    47.312    55.686    59.906 NB
2  195    40.438    27.240    49.943    57.718 NB
2  196   -35.708     3.664    17.740    66.310 NB
2  197    66.778    22.147    61.046    71.982 NB
2  198    71.625    60.443    59.153    44.548 NB
2  199   -10.170    -4.776     1.773    34.932  B
2  200   -14.727   -60.056    25.125    61.743 NB
2  201     8.511    42.838    42.439    74.678 NB
2  202    33.441    20.287    40.434    70.273 NB
2  203   -57.624   -18.333    27.278    65.580 NB
2  204   -64.016   -21.625    31.758    65.415 NB
2  205   -56.490    52.051    57.894    75.229 NB
2  206    26.753   -21.544    29.429    91.628 NB
2  207    42.412   -27.037    43.845    61.926 NB
2  208    33.846   -47.814    38.790    83.898 NB
2  209   -69.492    36.692    64.679    38.971 NB
2  210   -18.893   -70.142    33.720    53.489 NB
2  211     2.120    -6.823     3.393    57.078  B
2  212    58.205     3.426    59.843    80.407 NB
2  213   -35.032   -59.678    21.637    47.229 NB
2  214    18.103   -28.328    19.518    65.971 NB
2  215    17.970     5.354    20.701    34.933 NB
2  216    -3.279   -16.811     1.014    59.712  B
2  217   -65.203     3.280    41.779    94.239 NB
2  218   -54.573    17.560    40.527    75.201 NB
2  219    -4.583    45.467    43.190    73.394 NB
2  220   -63.912    41.685    65.057    49.558 NB
2  221    62.289   -46.485    48.605    69.710 NB
2  222   -56.756   -41.113    23.170    48.254 NB
2  223    23.975    56.389    60.869    58.381 NB
2  224   -37.899   -67.755    29.968    60.361 NB
2  225    65.157   -12.359    48.883    69.742 NB
2  226   -49.419    61.922    46.112    76.845 NB
2  227    12.827    35.690    37.401    65.940 NB
2  228    58.497   -51.064    53.320    64.423 NB
2  229    11.079   -36.960    13.574    75.712 NB
2  230   -55.951   -62.615    33.111    50.771 NB
2  231   -59.524    12.450    41.012    69.530 NB
2  232    35.695    25.181    44.822    54.405 NB
2  233    66.459   -59.037    48.512    66.691 NB
2  234    -2.989    13.779    11.541    50.963 NB
2  235   -44.135    57.162    49.230    75.575 NB
2  236     9.113    57.308    55.329    95.073 NB
2  237    71.368    -2.823    46.339    67.219 NB
2  238   -29.516     7.574    17.777    71.049 NB
2  239    32.333     0.123    33.772    75.982 NB
2  240   -22.445    23.310    27.979    83.947 NB
2  241    29.216   -57.204    39.921    78.207 NB
2  242    -1.167    53.348    51.144    68.431 NB
2  243     7.585    -1.900     9.266    63.942  B
2  244   -67.814    31.558    59.791    62.286 NB
2  245   -22.706   -57.356    20.438    66.675 NB
2  246    53.490    26.285    61.107    81.734 NB
2  247   -29.162   -51.504    14.175    74.491 NB
2  248   -56.459     9.444    36.782    66.610 NB
2  249    65.024    34.253    69.733    75.411 NB
2  250    35.508   -42.005    38.331    64.043 NB
2  251     7.342    64.634    47.797    82.121 NB
2  252   -22.661   -41.378     5.030    55.036  B
2  253    26.850    17.336    33.229    69.335 NB
2  254   -16.399   -55.487    20.466    52.493 NB
2  255    70.757    36.666    67.189    39.597 NB
2  256    35.669    43.097    56.356   110.922 NB
2  257    -0.347    26.135    24.130    58.785 NB
2  258   -19.927   -38.767     5.113    72.011  B
2  259    42.539    49.142    65.461    93.490 NB
2  260    18.361    44.949    48.127    84.660 NB
2  261   -53.320    43.485    60.648    64.076 NB
2  262    39.558    58.463    67.237    90.047 NB
2  263    -6.747   -41.603     8.752   113.130  B
2  264     5.218   -42.949    13.166    64.494 NB
2  265   -37.120    67.569    37.862    63.267 NB
2  266   -43.728   -50.010    15.575    59.012 NB
2  267    25.591   -63.951    42.152    94.479 NB
2  268    18.887    65.395    50.642    97.128 NB
2  269   -70.955    17.482    53.312   113.811 NB
2  270   -47.911   -49.200    18.033    65.879 NB
2  271   -17.779    -1.504     7.177    48.504  B
2  272    -1.755     4.778     3.319    60.383  B
2  273    45.540     9.498    48.573    62.517 NB
2  274   -32.762    22.878    33.206    69.545 NB
2  275   -22.864   -67.182    30.155    68.727 NB
2  276   -60.850    62.576    50.594    64.418 NB
2  277    13.880    26.131    29.496    93.099 NB
2  278   -24.401    44.071    46.507    66.309 NB
2  279    61.258    51.874    72.446    76.885 NB
2  280    21.641   -52.037    30.810    67.098 NB
2  281    15.928   -32.581    17.329    70.366 NB
2  282    51.151    41.732    66.947    74.042 NB
2  283    -9.410    34.164    32.340    62.628 NB
2  284   -19.914    34.740    36.154    68.864 NB
2  285    13.233   -58.500    30.653   111.446 NB
2  286    34.866    10.984    38.423    74.951 NB
2  287    27.550    66.427    53.813    77.104 NB
2  288   -36.091    -0.623    14.605    40.873 NB
2  289    58.282   -35.221    51.215    73.668 NB
2  290     0.432    23.372    21.549    50.664 NB
2  291     4.929    31.020    30.091    72.663 NB
2  292    28.497   -50.340    35.287    59.034 NB
2  293    -5.752    -2.785     1.145    20.312  B
