1    1   -42.716   -14.917     2.729    56.363  B
1    2     1.268    35.679    38.409    64.948 NB
1    3   -39.755   -28.094     1.222     8.560  B
1    4    25.121     7.362    31.005    73.769 NB
1    5    44.766   -61.743    50.063    86.483 NB
1    6    34.339   -57.262    38.787    80.961 NB
1    7   -38.664   -57.540     5.358    72.790  B
1    8    70.366    17.659    31.234    69.406 NB
1    9   -33.094     1.255     0.846    26.344  B
1   10    36.315    70.859    50.898    40.219 NB
1   11   -19.898    10.443     8.603    58.711  B
1   12    52.400   -14.947    42.994    68.891 NB
1   13    20.231   -64.199    32.391    48.042 NB
1   14    61.706    17.579    38.245    90.910 NB
1   15   -54.854   -38.295    13.296    56.530 NB
1   16    46.244    13.013    50.498   108.563 NB
1   17   -30.021   -21.173     0.428     2.490  B
1   18    10.128    59.690    42.536   101.996 NB
1   19    33.808    43.732    60.867    64.515 NB
1   20   -31.307    70.031    22.211    76.189 NB
1   21    53.210   -24.057    41.883    71.649 NB
1   22   -63.759   -19.783    13.824    90.671 NB
1   23   -50.836    29.606    25.419    46.387 NB
1   24   -64.197   -27.964    15.209    70.713 NB
1   25    49.760    25.974    52.824    50.850 NB
1   26   -27.462    -7.475     0.518    31.370  B
1   27   -31.401   -65.347    12.520    75.073  B
1   28   -23.212    64.252    28.570    52.859 NB
1   29    45.133   -18.455    43.158    62.149 NB
1   30   -59.479     0.930     9.455    50.386  B
1   31   -32.478    58.668    33.394    76.504 NB
1   32    67.616   -42.081    32.913    49.038 NB
1   33     3.205   -45.041     7.122    66.760  B
1   34    53.158     7.182    42.278   105.983 NB
1   35   -63.578    -6.549    13.628    71.332 NB
1   36    69.096   -54.803    39.508    55.614 NB
1   37   -51.374    48.280    43.759    55.234 NB
1   38    45.932   -36.762    43.559    65.096 NB
1   39   -68.978    23.321    31.039    33.702 NB
1   40   -53.679   -30.024     6.621    70.901  B
1   41   -42.755   -34.884     2.184    57.838  B
1   42    47.968    21.139    51.989    67.251 NB
1   43     2.116    -6.571     4.151    51.116  B
1   44    -7.283     1.206     3.905    44.957  B
1   45    23.640   -12.331    25.701    62.603 NB
1   46     7.339    21.543    27.779    94.971 NB
1   47   -37.565    58.662    33.461    54.030 NB
1   48    63.356    12.503    34.367    61.758 NB
1   49   -15.854    14.543    12.642   103.087 NB
1   50   -61.919    15.797    21.008    75.824 NB
1   51   -23.286     8.795     8.602    71.874  B
1   52    37.277   -55.354    40.465    46.800 NB
1   53    34.821     5.597    39.044    63.738 NB
1   54   -33.296    44.904    39.164    58.779 NB
1   55   -56.443    72.460    28.634    78.383 NB
1   56    46.144   -53.225    47.839    54.981 NB
1   57   -60.403    50.545    48.309    60.929 NB
1   58   -51.091     6.646     7.447    53.707  B
1   59   -62.770    46.323    45.308    49.907 NB
1   60    11.117     4.014    17.332   106.479 NB
1   61   -64.988    57.757    45.197    79.621 NB
1   62    -0.922   -14.600     1.855    38.942  B
1   63    -2.877    -5.165     2.209    27.811  B
1   64    26.938   -54.218    30.889    52.073 NB
1   65   -32.296    -8.441     0.707     3.450  B
1   66   -68.146   -66.303    34.871    52.275 NB
1   67    -3.729    52.369    44.294    80.041 NB
1   68   -17.366    -8.954     0.358     2.030  B
1   69    61.657    66.066    54.286    69.852 NB
1   70    36.930   -24.559    33.997    44.254 NB
1   71    38.226    66.322    55.476    91.482 NB
1   72    15.287   -62.697    27.461    83.161 NB
1   73     0.025     9.928    14.157    98.833 NB
1   74    38.452   -43.467    37.959    67.914 NB
1   75   -26.192    65.953    26.706    49.481 NB
1   76   -32.265    34.808    29.186    70.926 NB
1   77     5.494    -2.282     9.304    83.798  B
1   78   -11.261   -21.441     0.186     0.000  B
1   79    71.870    -9.034    23.448    80.178 NB
1   80    64.523   -12.335    31.449    69.306 NB
1   81    26.717    -3.621    28.797    89.511 NB
1   82    59.228    -3.885    35.151    68.982 NB
1   83   -71.763   -50.676    34.056    45.541 NB
1   84    16.367   -44.011    16.723    81.098 NB
1   85    55.621   -66.831    54.982    48.402 NB
1   86    44.040     0.084    46.496    91.132 NB
1   87   -50.798    56.969    38.276    89.298 NB
1   88    30.664   -49.834    32.159    58.287 NB
1   89    26.900    21.603    40.229    87.933 NB
1   90   -71.768   -45.146    30.180    50.712 NB
1   91   -71.621    46.274    49.630    84.671 NB
1   92    38.570   -13.522    38.448    51.843 NB
1   93    -8.563     5.440     7.424    52.640  B
1   94   -30.873    24.489    19.254    39.599 NB
1   95    68.373    43.072    50.112    70.319 NB
1   96     9.388    71.959    31.294   132.422 NB
1   97   -17.963   -39.296     0.321     0.000  B
1   98    32.399   -33.772    29.707    82.135 NB
1   99     3.216   -38.200     2.358    50.092  B
1  100    -2.193    24.554    27.037    79.619 NB
1  101    19.546    35.409    45.806    98.390 NB
1  102    51.060    60.675    66.157   122.439 NB
1  103    68.041   -24.329    27.149    88.934 NB
1  104    19.386    63.147    44.205    66.594 NB
1  105    58.144    57.780    61.646    66.909 NB
1  106    40.822   -49.740    41.695    54.338 NB
1  107   -49.540    69.537    26.519    87.886 NB
1  108   -21.225   -51.378     0.954    18.380  B
1  109   -41.123    30.592    25.415    60.551 NB
1  110   -11.745   -63.273    13.897    84.142 NB
1  111   -58.566   -35.387    13.871    55.656 NB
1  112   -24.282     0.136     5.325    72.214  B
1  113   -40.876    24.985    19.917    57.120 NB
1  114    20.601   -34.090    18.311    70.877 NB
1  115    68.277     3.663    26.754    70.804 NB
1  116   -39.407    11.365     6.788    84.667  B
1  117    27.776    30.763    47.116    62.750 NB
1  118    60.384    33.475    49.367    75.380 NB
1  119   -44.795    16.886    11.746    75.261 NB
1  120    13.393   -51.344    18.404    66.312 NB
1  121     3.327    48.426    50.239    73.461 NB
1  122   -50.462   -15.130     5.819    65.906  B
1  123   -19.267    30.952    28.913    83.278 NB
1  124    40.350   -21.825    37.783    46.649 NB
1  125    44.978    24.580    56.238    93.732 NB
1  126   -37.399   -46.533     2.431    39.742  B
1  127   -62.843    63.999    39.135    60.738 NB
1  128   -14.424   -51.767     2.438    36.434  B
1  129   -15.330    -0.213     1.615    43.173  B
1  130    56.567    40.004    56.585    71.102 NB
1  131   -10.016    70.547    25.106    83.265 NB
1  132   -52.430    17.229    14.825    92.744 NB
1  133     2.787   -31.680     1.589    16.042  B
1  134   -12.652    37.989    36.302    65.971 NB
1  135    10.605    48.454    53.038   103.455 NB
1  136    63.621   -18.462    31.452    79.013 NB
1  137    31.535    30.097    49.305    73.164 NB
1  138    41.868    71.606    54.508    67.078 NB
1  139   -10.108   -42.111     0.643     9.740  B
1  140    18.629   -47.692    20.394    58.658 NB
1  141    17.638    12.857    27.549    73.051 NB
1  142   -65.868   -33.698    18.781    58.566 NB
1  143   -61.833    41.265    40.342    59.290 NB
1  144   -25.856    40.877    36.380    59.557 NB
1  145     2.573   -61.953    18.073   102.894 NB
1  146   -63.374   -57.550    27.525    47.325 NB
1  147    12.552    17.090    26.786    93.885 NB
1  148   -23.265   -60.414     8.385    72.946  B
1  149    55.755   -52.027    48.264    67.164 NB
1  150    31.583    12.802    39.350   105.098 NB
1  151   -48.088     8.001     5.140    52.019  B
1  152    38.248    34.328    57.116    75.470 NB
1  153    25.551    64.768    46.952    93.887 NB
1  154    64.851    -4.014    29.542    60.408 NB
1  155    49.994   -61.049    54.392    50.135 NB
1  156   -44.157   -67.200    16.456    49.255 NB
1  157    63.198    70.157    50.961    53.875 NB
1  158   -54.364   -53.083    17.942    47.424 NB
1  159   -64.807     0.977    14.580    66.785 NB
1  160    54.351    -8.514    40.467    47.584 NB
1  161   -23.940    54.595    38.135    79.776 NB
1  162     2.914    41.300    44.165    75.958 NB
1  163    38.752     5.640    42.759    64.197 NB
1  164   -65.658    72.113    36.093    56.561 NB
1  165    24.279   -31.722    21.361    58.021 NB
1  166   -42.515     1.241     0.562    18.092  B
1  167    10.727    30.985    37.777    75.605 NB
1  168   -17.739    35.732    33.662    54.810 NB
1  169   -51.949    42.165    37.871    47.260 NB
1  170    64.654   -64.696    45.712    49.897 NB
1  171    63.631    40.350    51.438    71.196 NB
1  172   -55.485   -12.830     9.792    73.793  B
1  173   -24.627   -65.406    12.928    71.433 NB
1  174     4.693   -49.584    11.875    60.175 NB
1  175     2.442   -25.747     1.237    33.411  B
1  176    49.748    34.183    57.654    85.519 NB
1  177    20.104   -72.613    37.540    72.705 NB
1  178    57.684    27.873    47.516    80.404 NB
1  179   -15.150    60.329    33.495    86.161 NB
1  180    28.557    47.823    61.112    75.667 NB
1  181    61.316     5.535    33.959    64.830 NB
1  182    43.093    -9.664    44.153    58.021 NB
1  183    47.717   -40.938    46.257    59.768 NB
1  184    47.738    46.322    67.392    87.074 NB
1  185   -53.021   -63.922    20.482    73.621 NB
1  186   -46.897    46.197    41.131    52.939 NB
1  187    70.919   -31.413    25.586    64.261 NB
1  188   -24.602    44.804    40.500    57.704 NB
1  189    23.169   -57.854    30.040    71.010 NB
1  190    50.739   -48.991    50.993    59.627 NB
1  191    24.477   -69.235    38.739    69.046 NB
1  192    -7.324    44.892    44.112    80.019 NB
1  193   -60.216    58.510    41.641    58.206 NB
1  194   -38.642   -65.174    12.411    50.770 NB
1  195   -10.055    24.770    23.995    83.399 NB
1  196    15.448    54.179    49.791    56.383 NB
1  197    32.018   -43.392    31.608    54.937 NB
1  198    59.007   -40.582    39.880    65.195 NB
1  199    41.449    39.561    63.011    72.423 NB
1  200    54.923    52.171    65.929    80.407 NB
1  201   -72.155     8.437    24.094    67.597 NB
1  202    16.243    -7.511    17.974    92.831 NB
1  203    32.050   -13.342    32.626    74.146 NB
1  204   -67.039    68.296    39.430    55.652 NB
1  205   -26.840    29.208    24.962    69.858 NB
1  206    48.567    71.898    59.588    96.041 NB
1  207    -6.968    30.415    30.303    72.605 NB
1  208   -37.583   -35.735     2.461    38.141  B
1  209   -64.810    20.738    26.150    56.044 NB
1  210   -50.239   -70.585    22.769    42.649 NB
1  211    24.516   -16.722    24.390    77.840 NB
1  212     8.491   -55.993    18.083    65.949 NB
1  213   -59.703   -46.534    22.087    76.187 NB
1  214   -46.546    38.442    33.373    50.269 NB
1  215   -19.145    50.216    43.035    49.667 NB
1  216    12.838   -24.241    10.575    78.756  B
1  217    -6.827   -47.494     0.906    38.050  B
1  218    62.765   -48.968    40.751    69.034 NB
1  219   -53.303    29.551    26.159    36.757 NB
1  220   -12.279   -57.640     8.245    57.824  B
1  221    61.161   -69.325    50.494    47.769 NB
1  222    30.680    39.708    55.771    71.304 NB
1  223    42.272   -29.777    39.131    81.371 NB
1  224    18.345   -25.384    15.501    78.059 NB
1  225    -1.052   -23.072     4.202    45.903  B
1  226   -42.798    58.664    34.201    63.951 NB
1  227    66.536    53.530    57.627   109.622 NB
1  228    54.242   -28.574    41.445    54.529 NB
1  229   -33.581     6.338     2.008    58.214  B
1  230    -5.950    16.535    18.283    83.254 NB
1  231    62.148   -58.673    46.855    68.140 NB
1  232   -38.726    71.318    21.015    87.092 NB
1  233   -37.815    40.755    35.028    62.244 NB
1  234   -69.256    27.423    33.811    43.931 NB
1  235    69.135    64.093    49.009    94.776 NB
1  236    53.355   -64.416    56.573    43.605 NB
1  237    55.173   -36.967    42.252    60.150 NB
1  238   -52.540   -55.677    16.548    61.068 NB
1  239   -36.409   -11.617     0.560    12.031  B
1  240    22.557    51.173    55.898    83.268 NB
1  241   -67.200   -12.092    19.235    71.848 NB
1  242   -71.128   -39.512    26.288    58.741 NB
1  243    50.906    46.628    65.146    48.510 NB
1  244   -55.041     2.717     6.733    55.588  B
1  245   -64.371   -51.674    27.896    54.487 NB
1  246   -57.591    27.478    26.221    80.202 NB
1  247   -48.235    33.777    28.938    42.813 NB
1  248    -4.311    70.040    27.316    68.013 NB
1  249   -55.624   -24.600     6.312    74.357  B
1  250    -0.593    61.754    36.378    95.064 NB
1  251   -69.862   -58.205    34.012    55.984 NB
1  252   -41.189   -22.192     1.946    32.392  B
1  253    10.287   -13.635    13.027    86.251 NB
1  254    23.470    18.073    35.348    74.369 NB
1  255     7.574   -33.451     5.796    80.289  B
1  256   -65.145     8.564    18.177    70.603 NB
1  257    25.139   -40.566    24.369    70.665 NB
1  258    51.089    -8.725    43.723    53.342 NB
1  259   -68.412    32.665    36.900   102.212 NB
1  260   -29.517    20.120    15.523   109.704 NB
1  261   -41.699    53.340    39.236    53.145 NB
1  262    69.928   -67.827    41.788    71.020 NB
1  263    -4.574   -61.245    14.480    76.177 NB
1  264    17.811    32.732    42.618    71.871 NB
1  265   -44.499   -60.987    11.860    59.300 NB
1  266   -51.038    -5.693     2.395    74.302  B
1  267   -37.379    47.793    42.032    57.722 NB
1  268   -63.671   -62.318    29.192    57.694 NB
1  269    36.109    54.667    61.554   147.103 NB
1  270   -51.863   -46.188    15.876    57.812 NB
1  271   -18.624    70.823    22.657    91.111 NB
1  272    -4.419   -52.185     6.137    67.667  B
1  273    -1.890    67.382    30.666    60.265 NB
1  274    31.846   -25.531    28.838    74.194 NB
1  275    69.806    24.511    36.386    78.718 NB
1  276    32.374   -72.378    46.704    84.095 NB
1  277    -4.679     8.039    10.829    48.134 NB
1  278    66.159   -36.123    31.574    55.486 NB
1  279   -36.604    25.553    19.780    50.744 NB
1  280    37.194    -5.141    39.031    76.989 NB
1  281   -14.878    45.780    43.814    60.566 NB
1  282   -26.279   -52.382     0.201    49.792  B
1  283    20.821    57.235    49.864    55.976 NB
1  284     6.085    32.671    37.483    62.678 NB
1  285     6.008   -18.375     8.789    59.005  B
1  286   -57.394    38.576    36.058    62.536 NB
1  287    60.211   -29.044    35.682    69.620 NB
1  288    20.907     1.774    24.711    76.155 NB
1  289   -41.151   -49.956     4.704    69.462  B
1  290   -12.641    54.507    39.669    69.982 NB
1  291   -48.143   -42.055    11.091    67.709 NB
2    1   -48.006   -22.138    12.857    71.252 NB
2    2   -36.618   -45.164     0.711     6.930  B
2    3   -11.394    48.318    49.467    76.267 NB
2    4   -40.572   -33.776     4.754    64.025  B
2    5    -2.738   -56.412    16.635    55.497 NB
2    6    62.516     5.497    56.130    65.605 NB
2    7    42.133    55.444    62.236    75.034 NB
2    8    -1.227   -63.416    22.943    52.526 NB
2    9   -67.256    -3.379    38.577    45.828 NB
2   10    54.162    29.252    69.103    78.469 NB
2   11    71.887     7.815    50.083    61.382 NB
2   12   -36.944   -69.782    16.695    80.576 NB
2   13   -45.235    14.668    36.671    65.197 NB
2   14   -37.893   -26.110     2.445    56.093  B
2   15     4.235    33.282    39.098    96.265 NB
2   16   -54.447    64.947    29.693    78.657 NB
2   17     5.942   -47.800    13.622   104.726  B
2   18    -9.845   -71.960    27.326    57.818 NB
2   19    67.713    38.431    60.643    65.071 NB
2   20   -42.080     7.310    28.695    68.370 NB
2   21   -43.388   -62.155    10.900    75.447  B
2   22     1.584    68.254    35.950    62.670 NB
2   23   -40.534    50.881    41.513    84.716 NB
2   24    39.908   -37.739    43.497    64.498 NB
2   25    23.718   -47.047    28.744    82.817 NB
2   26    32.844    35.764    56.040   100.032 NB
2   27    48.101    67.365    50.393    82.658 NB
2   28    52.955   -54.171    37.689    81.155 NB
2   29   -43.743    69.202    23.955    50.660 NB
2   30   -57.363    30.849    56.724    74.752 NB
2   31   -72.163    41.895    55.630    45.169 NB
2   32    59.710    63.924    43.474    68.507 NB
2   33    68.643    72.014    31.441    67.931 NB
2   34    67.138   -52.173    23.390    41.012 NB
2   35    50.660   -47.406    39.944    96.867 NB
2   36    14.623   -23.540    19.014    65.259 NB
2   37    -1.101   -35.847     3.334    42.761  B
2   38    65.388    67.251    37.142    58.832 NB
2   39    41.195   -65.144    51.381    61.178 NB
2   40    48.414   -18.840    51.774    68.265 NB
2   41    19.953   -28.779    25.239    52.157 NB
2   42   -65.143   -38.557    15.382    91.116 NB
2   43    -5.585    31.107    35.192    88.814 NB
2   44    12.368   -15.344    15.731    58.201 NB
2   45    23.813   -23.732    27.928    62.793 NB
2   46    43.113   -54.393    47.514    65.878 NB
2   47   -66.403   -45.456    12.982    51.013 NB
2   48    46.916   -64.270    45.653    67.481 NB
2   49    34.444    49.497    67.543    89.449 NB
2   50   -17.130   -16.449     2.265    23.912  B
2   51   -24.042     9.335    20.433    78.195 NB
2   52    28.103   -20.148    31.613    70.670 NB
2   53    40.040    68.473    56.819    72.324 NB
2   54   -62.586    65.107    30.624    50.844 NB
2   55   -13.754    -7.697     3.915    62.332  B
2   56   -41.788    45.643    46.867    54.767 NB
2   57    33.251    62.796    57.676    83.699 NB
2   58     6.933    70.550    36.859    64.884 NB
2   59   -61.842   -72.139    22.760    61.170 NB
2   60   -28.783    55.362    37.093    65.193 NB
2   61    -6.176   -38.866     0.614    28.093  B
2   62   -21.903    20.327    27.959    79.155 NB
2   63   -31.403   -53.237     2.840    36.142  B
2   64    -4.080    57.465    44.033    70.885 NB
2   65     3.811   -66.055    28.196    70.819 NB
2   66    -7.895   -61.963    18.298    63.085 NB
2   67    50.013     9.353    57.626    76.240 NB
2   68    58.946    27.823    72.668    62.445 NB
2   69   -68.936   -66.348    21.374    84.251 NB
2   70    14.637    10.041    25.357    72.662 NB
2   71    68.882    47.339    51.996    55.346 NB
2   72   -17.845    47.620    47.439    85.024 NB
2   73    30.377    23.665    46.113    68.241 NB
2   74   -35.099   -38.694     1.302    28.690  B
2   75    54.007    70.270    43.861    70.951 NB
2   76    14.649   -45.543    19.710    72.876 NB
2   77   -45.203   -10.055    18.099    70.908 NB
2   78   -51.155    14.963    40.005    76.360 NB
2   79    54.915   -66.934    39.132    62.326 NB
2   80    24.084    15.815    36.413   112.276 NB
2   81    17.452    -7.867    21.264    67.362 NB
2   82    67.963   -35.855    26.599    63.885 NB
2   83   -54.113   -14.056    21.730    80.537 NB
2   84    -3.138     5.118    10.070    72.922  B
2   85   -54.117    24.918    49.968    63.132 NB
2   86   -22.235    56.781    37.327    60.064 NB
2   87    -2.435   -71.707    29.428    63.146 NB
2   88   -55.031    44.538    50.105    55.917 NB
2   89   -11.023    19.358    23.670    75.325 NB
2   90   -63.627   -47.305     9.720    59.302  B
2   91    71.133   -57.262    20.457    41.607 NB
2   92    12.598   -59.068    26.514    74.112 NB
2   93   -39.881    15.718    35.505    75.779 NB
2   94    14.167    31.013    40.903    37.628 NB
2   95    47.544    -6.365    51.211    79.344 NB
2   96    49.151   -28.735    46.570    52.075 NB
2   97    47.052   -29.057    48.333    39.375 NB
2   98     3.889     6.719    15.043    77.470 NB
2   99   -33.077    24.991    38.061    87.328 NB
2  100   -42.264   -51.543     2.046    41.743  B
2  101    56.406   -17.379    46.948    68.437 NB
2  102   -25.759   -10.792     7.164    69.109  B
2  103   -11.598    64.483    35.785    76.618 NB
2  104    -4.225    13.668    17.991    83.499 NB
2  105    68.842    31.685    66.569    84.668 NB
2  106   -40.418    30.623    47.115    66.005 NB
2  107    29.559   -47.318    34.413    86.470 NB
2  108   -69.868    61.224    36.788    69.688 NB
2  109    30.384    29.571    49.944    66.465 NB
2  110   -66.694   -18.301    31.925    67.187 NB
2  111    64.994   -70.385    32.260    69.867 NB
2  112   -60.846   -65.758    16.439    55.511 NB
2  113    23.507    47.412    59.776    83.342 NB
2  114   -63.591    60.175    35.648    59.810 NB
2  115    53.317    39.441    66.540    85.860 NB
2  116     6.810   -36.436    10.526   100.748 NB
2  117     6.204    62.859    42.903    53.539 NB
2  118   -45.370    -4.101    21.956    66.753 NB
2  119   -37.605    27.923    43.228    59.339 NB
2  120    23.983    54.149    59.719    55.156 NB
2  121   -45.801   -37.512     8.124    73.344  B
2  122   -46.965    62.083    31.685    55.411 NB
2  123    32.738    -3.183    37.227    72.517 NB
2  124   -66.873   -15.351    32.875    57.355 NB
2  125   -55.297    21.005    47.330    62.023 NB
2  126   -58.676    -8.299    28.736    91.799 NB
2  127    70.046    59.562    40.593    53.458 NB
2  128    40.389   -57.548    48.099    42.918 NB
2  129   -31.751    51.805    40.291    54.042 NB
2  130   -30.870    65.107    27.146    74.954 NB
2  131    44.375   -71.654    50.680    58.030 NB
2  132    59.875    17.098    65.238    68.486 NB
2  133    33.787   -25.191    37.986    85.141 NB
2  134    65.351   -29.371    32.377    78.822 NB
2  135    20.534     1.486    27.312    73.293 NB
2  136   -46.104    36.088    54.984    62.183 NB
2  137   -19.811    37.808    43.636    78.239 NB
2  138    22.972   -13.878    26.300    74.701 NB
2  139   -16.860    25.195    30.686    46.155 NB
2  140   -58.698   -61.007    11.227    47.588 NB
2  141    -8.228    60.377    40.309    57.205 NB
2  142    44.771   -15.846    48.089    54.640 NB
2  143   -52.068   -26.697    16.559    77.335 NB
2  144   -35.837     4.214    23.311    93.529 NB
2  145     2.588    48.595    53.576    67.458 NB
2  146    46.437   -39.355    45.451    80.207 NB
2  147    67.840   -40.729    24.662    44.429 NB
2  148    56.091   -35.229    37.598    84.638 NB
2  149    55.744    55.814    52.093    90.003 NB
2  150   -29.049   -66.150    14.054    72.962 NB
2  151   -26.908   -25.616     0.590     9.910  B
2  152   -31.528    15.516    30.133    67.149 NB
2  153    48.478    51.820    59.977    70.370 NB
2  154   -47.446   -42.421     3.547    36.485  B
2  155   -47.692     1.423    27.371    91.290 NB
2  156   -15.654    53.839    42.609    63.168 NB
2  157    35.272   -31.989    39.333    45.918 NB
2  158    12.240   -20.202    15.884    54.984 NB
2  159    13.075     3.242    20.714    61.814 NB
2  160    58.510     6.397    59.988    57.923 NB
2  161   -11.098    38.430    42.626    77.209 NB
2  162    62.733    56.388    47.253    66.242 NB
2  163   -21.939    -0.678    13.512    71.705 NB
2  164   -57.141   -21.939    21.850    67.997 NB
2  165    -6.972    -3.840     0.493    55.225  B
2  166    71.790   -17.598    36.893    76.574 NB
2  167     8.211    -1.883    14.588    73.370 NB
2  168   -33.097    47.799    44.221    74.427 NB
2  169   -68.830   -54.663    14.911    74.487 NB
2  170     9.874    41.784    48.970    77.464 NB
2  171   -10.016   -42.355     2.753    58.111  B
2  172   -41.104   -19.132     8.346    72.295  B
2  173    69.142   -46.435    21.736    59.875 NB
2  174   -68.709    46.725    49.983    74.283 NB
2  175    30.407    16.887    42.342    61.133 NB
2  176   -66.530    36.622    59.256    75.551 NB
2  177   -19.657    -1.432    11.111    77.481  B
2  178    46.598    53.270    60.305    46.422 NB
2  179   -48.615    72.222    22.858    88.437 NB
2  180    47.677    19.970    59.117    69.452 NB
2  181   -35.019   -55.916     2.697    61.024  B
2  182    19.363   -66.477    36.522    64.800 NB
2  183    34.558    57.201    62.868    62.393 NB
2  184    29.012    -7.718    32.663    66.178 NB
2  185    66.701   -13.680    42.952    68.914 NB
2  186   -52.587   -43.233     4.822    85.841  B
2  187    -7.672   -23.722     1.441    52.294  B
2  188    58.014   -26.864    39.802    58.581 NB
2  189    41.505    26.895    57.056    95.972 NB
2  190   -52.123   -49.674     0.755    36.513  B
2  191   -63.099    12.049    45.915    81.796 NB
2  192    52.397     3.533    57.963    62.698 NB
2  193    42.246   -30.445    46.464    60.205 NB
2  194   -31.671    37.160    47.409    92.243 NB
2  195    42.935    16.558    53.401    59.499 NB
2  196   -38.156    -7.798    14.108    76.240 NB
2  197    67.274     9.859    54.914    63.215 NB
2  198    69.161    52.712    47.034    57.662 NB
2  199   -11.919   -18.675     0.354    18.130  B
2  200   -15.712   -70.181    24.881    68.164 NB
2  201    12.901    34.054    42.994    53.554 NB
2  202    38.812     6.759    46.239    55.005 NB
2  203   -54.744   -25.020    19.186    43.779 NB
2  204   -65.792   -31.751    20.999   123.977 NB
2  205   -56.526    41.023    53.656    76.199 NB
2  206    30.322   -34.530    34.094    99.589 NB
2  207    37.842   -46.705    42.321    91.693 NB
2  208    32.530   -72.431    49.854    82.238 NB
2  209   -65.274    22.979    55.109    66.980 NB
2  210   -21.624    63.568    31.256    57.105 NB
2  211     3.344   -17.244     6.686    95.015  B
2  212    55.713   -11.736    51.401    88.896 NB
2  213   -29.795   -71.446    18.827    60.894 NB
2  214    16.420   -30.911    21.249    54.270 NB
2  215    24.097    -5.490    28.282    49.284 NB
2  216    -0.032   -32.408     5.274    90.090  B
2  217   -65.360    -5.544    35.792    53.043 NB
2  218   -59.162     8.943    40.906    52.584 NB
2  219    -4.996    41.319    45.421    52.482 NB
2  220   -66.267    30.161    61.230    64.598 NB
2  221    62.749   -53.157    27.843    79.525 NB
2  222   -58.791   -54.027     5.505    68.188  B
2  223    18.235    43.935    54.216    76.562 NB
2  224   -38.181    66.180    26.048    70.192 NB
2  225    61.949   -25.241    37.609    57.337 NB
2  226   -52.933    51.443    43.225    97.446 NB
2  227    16.274    27.218    38.834    87.160 NB
2  228    57.471   -62.350    35.033    75.854 NB
2  229    16.697   -51.563    24.364    76.661 NB
2  230   -60.408    69.428    25.899    41.437 NB
2  231   -69.068     3.369    44.144    60.112 NB
2  232    36.296    10.406    44.976    65.928 NB
2  233    68.994   -61.598    24.132    67.821 NB
2  234    -1.903     1.707     7.510    56.664  B
2  235   -45.083    43.224    49.709    60.448 NB
2  236     2.347    55.090    48.271    57.185 NB
2  237    69.461    -9.571    42.947    67.464 NB
2  238   -31.460    -6.971    11.321    81.541  B
2  239    40.189   -14.409    43.524   101.278 NB
2  240   -17.075    12.359    18.671   106.245 NB
2  241    26.070   -69.729    43.382    48.502 NB
2  242    -1.482    42.534    46.948    61.627 NB
2  243     9.254    -8.424    13.205    71.783  B
2  244   -72.409    19.937    58.118    72.675 NB
2  245   -19.368   -63.241    17.040    72.128 NB
2  246    54.828    16.859    64.599    63.890 NB
2  247   -23.247   -60.717    13.063    65.522 NB
2  248   -59.160     4.631    38.171    84.434 NB
2  249    62.453    24.302    68.346    65.771 NB
2  250    35.234   -59.144    44.174    66.657 NB
2  251     8.951    59.716    47.002    86.090 NB
2  252   -24.862   -51.266     3.875    44.384  B
2  253    27.992     2.501    34.613    86.101 NB
2  254   -10.891   -64.969    20.267    48.424 NB
2  255   -70.365    21.135    57.386    44.493 NB
2  256    37.893    20.567    50.665    57.577 NB
2  257     1.949    20.305    26.085    60.320 NB
2  258   -20.059   -50.039     4.966    99.271  B
2  259    42.415    40.401    66.130    65.291 NB
2  260    22.760    34.632    48.642    94.675 NB
2  261   -48.472    31.771    53.564    68.092 NB
2  262    40.074    43.179    66.396    66.762 NB
2  263    -4.624   -52.866    12.718    99.437  B
2  264     8.792   -55.867    21.682    70.162 NB
2  265   -44.836    62.009    31.200    54.795 NB
2  266   -46.492   -59.518     9.949    58.969  B
2  267    24.017    70.632    45.797   106.243 NB
2  268    10.575    50.677    55.692    85.249 NB
2  269    69.488    -2.147    46.174    87.591 NB
2  270   -53.795   -62.330    11.749    71.511  B
2  271   -21.664   -14.688     2.270    41.103  B
2  272    -3.634    -9.705     0.900    48.592  B
2  273    51.548    -3.624    55.561    73.783 NB
2  274   -30.607    10.517    26.317    57.085 NB
2  275   -22.829    67.818    26.898    65.422 NB
2  276   -61.576    52.023    43.203    85.211 NB
2  277    10.549    14.068    24.961    81.223 NB
2  278   -25.929    36.958    44.756    76.104 NB
2  279    60.398    42.968    59.788    98.645 NB
2  280    25.185   -62.639    37.837    61.967 NB
2  281    17.712   -36.929    21.330    86.515 NB
2  282    48.114    36.188    67.813    69.034 NB
2  283   -10.985    26.095    30.342    64.973 NB
2  284   -20.879    27.417    34.029    73.292 NB
2  285    13.023   -70.321    36.234    89.783 NB
2  286    39.922     1.657    45.487    81.124 NB
2  287    21.971    56.529    56.679   103.044 NB
2  288   -32.857   -19.727     4.675    75.315  B
2  289    62.262   -40.443    29.986    78.549 NB
2  290     1.370    18.644    24.325    50.532 NB
2  291     8.783    23.169    31.431    80.031 NB
2  292    28.865   -59.254    38.756    72.422 NB
2  293    -3.443   -17.085     0.456    33.014  B
