1    1   -42.535    10.643     3.202    50.247  B
1    2     0.272    51.211    28.678    60.090 NB
1    3   -32.324    -2.285     0.997    12.081  B
1    4    18.735    35.031    26.396    77.847 NB
1    5    40.678   -32.187    40.130    69.704 NB
1    6    30.066   -29.492    29.438    63.363 NB
1    7   -37.335   -28.426     4.891    81.521  B
1    8    71.399    36.154    29.649    54.681 NB
1    9   -30.480    18.020     0.769    46.125  B
1   10    32.500   -56.789    49.917    77.547 NB
1   11   -19.942    24.909     3.625    40.251  B
1   12    47.261     9.034    42.640    74.469 NB
1   13    18.032   -36.342    25.140    65.816 NB
1   14   -69.989    40.045    29.139    69.895 NB
1   15   -46.237   -13.734     7.285    46.714  B
1   16    53.455    33.551    46.206    56.036 NB
1   17   -29.311     3.239     0.163     6.180  B
1   18    10.616   -48.819    29.280    54.822 NB
1   19    47.106    62.555    63.960    89.414 NB
1   20   -20.668   -55.637    25.298    51.978 NB
1   21    58.509     0.411    44.014    99.174 NB
1   22   -59.052     7.304    17.530    53.373 NB
1   23   -50.061    48.732    24.285    65.048 NB
1   24   -60.130    -0.026    19.056    71.066 NB
1   25    49.678    46.008    53.490    74.588 NB
1   26   -24.846    16.176     1.748    34.953  B
1   27   -24.179   -39.889     9.569    53.297 NB
1   28    -7.265   -56.748    29.178    72.204 NB
1   29    46.625     3.839    40.229    73.735 NB
1   30   -66.191    25.851    21.157    52.057 NB
1   31   -26.641   -60.604    30.427    62.331 NB
1   32    68.413   -12.135    34.008    55.452 NB
1   33     5.073   -23.929     8.299    66.532  B
1   34    60.073    33.514    39.714    53.803 NB
1   35   -57.215    17.692    13.371    46.576 NB
1   36    67.624   -31.407    41.911    64.615 NB
1   37   -50.464   -66.823    43.547    69.636 NB
1   38    47.023   -10.769    38.923    95.726 NB
1   39   -64.168    49.089    30.776    55.607 NB
1   40   -42.970    -8.874     2.076    25.214  B
1   41   -47.439    -5.810     5.546    59.579  B
1   42    50.394    37.352    50.020    62.076 NB
1   43     9.661    18.190    10.063    49.196  B
1   44     2.322    22.041     5.634    56.740  B
1   45    18.806     5.814    17.107    52.632 NB
1   46     4.909    44.087    24.161    73.370 NB
1   47   -32.708   -61.997    33.102    50.528 NB
1   48    64.253    31.572    35.229    55.292 NB
1   49   -16.873    29.490     3.073    55.861  B
1   50   -49.047    37.446    13.101    73.703 NB
1   51   -18.521    20.468     2.954    31.784  B
1   52    34.451   -29.812    33.484    44.540 NB
1   53    33.781    30.372    37.084    58.992 NB
1   54   -28.285    61.047    36.525    44.152 NB
1   55   -54.168   -42.246    26.519    69.659 NB
1   56    47.250   -27.762    43.746    82.186 NB
1   57   -63.218   -62.208    46.897    72.034 NB
1   58   -55.030    28.244    10.500    61.058  B
1   59   -59.894   -67.627    45.414    56.808 NB
1   60    26.919    27.986    29.893    77.020 NB
1   61   -57.634   -55.360    38.063    75.117 NB
1   62     3.133     9.614     1.873    50.272  B
1   63     1.000    17.109     2.659    33.872  B
1   64    24.212   -25.448    22.371    47.004 NB
1   65   -31.425    11.011     1.129     5.160  B
1   66   -68.917   -42.053    39.288    62.554 NB
1   67     1.801   -63.646    38.954    63.644 NB
1   68   -14.941     9.453     0.565     2.690  B
1   69    56.791   -53.591    60.666    54.348 NB
1   70    35.597     0.405    28.678    46.157 NB
1   71    47.623   -59.054    61.592    84.305 NB
1   72    22.311   -43.173    33.199    92.045 NB
1   73     4.958    34.018    15.365    64.467 NB
1   74    45.362   -17.582    38.369    50.379 NB
1   75   -17.923   -59.003    28.984    59.722 NB
1   76   -30.029    52.234    29.336    72.648 NB
1   77    13.379    23.988    16.335    71.753 NB
1   78    -7.033     0.486     0.969     0.000  B
1   79   -68.396    19.718    23.927    57.692 NB
1   80    56.990    12.752    43.393    52.243 NB
1   81    24.494    19.122    24.477    66.062 NB
1   82    58.153    19.110    41.124    64.072 NB
1   83    71.371   -24.292    35.333    73.002 NB
1   84    17.925   -16.613    12.676    68.685  B
1   85    54.624   -47.569    59.802    61.417 NB
1   86    44.269    25.524    45.212   109.769 NB
1   87   -45.537   -58.997    34.363    70.518 NB
1   88    31.098   -18.170    25.037    75.399 NB
1   89    23.655    46.714    37.473    95.721 NB
1   90   -66.271   -16.283    26.190    84.510 NB
1   91   -71.684    60.697    44.561    47.724 NB
1   92    28.573     5.572    24.515    58.266 NB
1   93    -8.193    26.401     4.927    64.986  B
1   94   -32.519    38.311    15.937    87.426 NB
1   95    66.210    60.852    48.512    64.409 NB
1   96    10.334   -42.990    24.427    56.127 NB
1   97   -16.011   -14.898     0.482     0.000  B
1   98    38.222   -11.483    30.222    50.668 NB
1   99     3.332   -16.899     1.080    35.962  B
1  100    -2.869    43.534    20.564    63.607 NB
1  101    22.874    60.174    47.058    59.763 NB
1  102    56.777   -60.986    64.326    68.315 NB
1  103   -68.605    10.739    25.456    60.356 NB
1  104    21.414   -52.736    39.081    80.471 NB
1  105    68.506   -61.078    54.849    81.047 NB
1  106    36.612   -23.621    32.401    62.596 NB
1  107   -37.344   -52.840    25.820    80.249 NB
1  108   -16.450   -26.167     1.067     8.241  B
1  109   -37.123    47.515    22.672    45.733 NB
1  110   -15.028   -44.367    15.246    82.703 NB
1  111   -58.076    -9.324    16.362    73.607 NB
1  112   -17.800    15.723     1.247     8.400  B
1  113   -42.232    48.433    23.118    51.701 NB
1  114    22.289    -8.001    14.095    64.908 NB
1  115    68.314    21.512    30.738    56.988 NB
1  116   -35.644    32.180     9.184    80.060  B
1  117    35.950    44.962    46.226    75.969 NB
1  118    59.742    47.870    45.326    62.289 NB
1  119   -42.437    39.005    13.702    72.340 NB
1  120    12.117   -28.850    15.655    61.017 NB
1  121     6.655   -64.382    41.452    50.398 NB
1  122   -46.522    10.017     6.313    59.023  B
1  123   -11.519    41.696    15.131    65.737 NB
1  124    37.633     5.160    32.268    61.795 NB
1  125    43.571    38.649    49.632    62.465 NB
1  126   -32.447   -21.051     2.428    43.082  B
1  127   -53.554   -50.801    31.947    59.881 NB
1  128   -11.931   -27.342     1.248    23.981  B
1  129   -10.648    20.804     0.887    20.791  B
1  130    55.614    57.232    53.952    71.698 NB
1  131    -2.903   -55.053    29.348    58.592 NB
1  132   -45.972    31.088     6.188    62.054  B
1  133    10.452    -4.516     4.198    36.843  B
1  134   -15.363    50.991    24.001    51.916 NB
1  135    10.331    67.281    46.527    74.585 NB
1  136    58.397     6.808    42.809    74.108 NB
1  137    26.036    40.661    35.609    66.698 NB
1  138    40.486   -52.617    51.998    66.890 NB
1  139    -6.732   -19.098     0.535     0.000  B
1  140    19.620   -21.523    16.559    59.762 NB
1  141    14.611    39.226    25.743    36.626 NB
1  142   -63.378    -6.786    21.433    55.097 NB
1  143   -57.551    63.139    40.164    32.893 NB
1  144   -23.916    56.173    30.490    63.029 NB
1  145     1.008   -38.620    15.679    75.456 NB
1  146   -62.623   -31.917    30.266    45.563 NB
1  147    11.704    37.754    22.627    53.118 NB
1  148   -30.268   -33.898     6.217    85.027  B
1  149    60.868   -24.729    44.927    58.544 NB
1  150    27.264    34.517    33.510    58.159 NB
1  151   -41.102    25.989     0.932    64.628  B
1  152    37.853    45.441    48.088    51.646 NB
1  153    27.458   -58.372    47.331    65.051 NB
1  154    66.918    16.354    33.080    78.264 NB
1  155    48.659   -35.431    48.658    70.131 NB
1  156   -37.820   -41.713    15.436    78.192 NB
1  157    62.643   -53.236    55.322    77.421 NB
1  158   -56.499   -27.471    23.207    57.528 NB
1  159   -61.800    21.205    17.164    53.093 NB
1  160    53.137    25.321    45.721    80.990 NB
1  161   -15.278   -65.769    36.111    72.941 NB
1  162     2.252    61.232    38.380    77.328 NB
1  163    39.103    34.411    43.666    70.900 NB
1  164   -61.216   -46.066    34.475    65.227 NB
1  165    29.968    -6.283    21.845    65.666 NB
1  166   -45.104    23.142     1.827    41.634  B
1  167    11.637    55.973    37.751    84.479 NB
1  168   -19.704    47.099    20.632    76.061 NB
1  169   -53.874    64.024    40.038    44.982 NB
1  170    61.490   -38.015    50.485    69.229 NB
1  171    63.725    54.428    45.849    66.606 NB
1  172   -53.691    10.561    11.270    52.224 NB
1  173   -22.705   -38.263     7.838    62.508  B
1  174     8.138   -28.506    13.460    47.343 NB
1  175     4.850    -2.079     3.717    45.051  B
1  176    52.233    50.829    53.315    63.042 NB
1  177    16.011   -44.171    29.208    50.795 NB
1  178    61.672    42.636    41.169    87.090 NB
1  179    -6.017   -66.342    38.691    63.469 NB
1  180    30.034    64.548    54.863    71.617 NB
1  181    62.292    25.419    36.568    55.896 NB
1  182    36.143    22.537    36.598    67.944 NB
1  183    54.931   -21.091    48.519    65.815 NB
1  184    44.507   -65.850    64.605    60.660 NB
1  185   -49.632   -38.241    20.497    79.041 NB
1  186   -43.923    65.121    39.861    56.938 NB
1  187    71.841     4.371    30.592    86.673 NB
1  188   -22.729    65.478    39.239    60.852 NB
1  189    22.490   -29.644    23.184    61.687 NB
1  190    49.769   -17.728    42.685    53.372 NB
1  191    34.874   -40.077    39.373   100.616 NB
1  192    -8.483    58.785    32.473    64.198 NB
1  193   -46.479   -50.773    27.612    77.379 NB
1  194   -29.525   -46.709    17.633    67.520 NB
1  195    -8.774    34.426     9.751    69.749  B
1  196    18.969    66.136    50.113    70.926 NB
1  197    38.526   -16.973    31.615    45.098 NB
1  198    62.407   -18.031    41.183    60.684 NB
1  199    40.935    53.846    55.438    90.528 NB
1  200    59.355   -66.649    59.055    58.073 NB
1  201   -68.971    30.690    24.593    63.551 NB
1  202    20.341     8.737    18.477    58.838 NB
1  203    31.892    11.645    30.215    68.985 NB
1  204   -66.768   -52.594    42.811    75.037 NB
1  205   -18.698    39.841    13.348    60.139 NB
1  206    44.631   -48.914    52.521    79.799 NB
1  207    -5.594    48.035    23.085    59.399 NB
1  208   -35.641    -5.974     0.870     3.350  B
1  209   -58.911    41.334    21.444    75.520 NB
1  210   -42.484   -40.847    17.266    72.541 NB
1  211    25.690    -0.422    19.087    61.271 NB
1  212    10.648   -35.541    19.500    59.057 NB
1  213   -57.312   -17.142    18.512    50.903 NB
1  214   -42.529    60.218    34.907    56.526 NB
1  215   -16.568    61.381    34.422    60.213 NB
1  216    11.436     0.444     9.007    53.936  B
1  217    -2.865   -21.246     1.534    33.431  B
1  218    69.349   -19.880    35.224    50.182 NB
1  219   -54.280    50.582    27.224    44.538 NB
1  220   -11.232   -34.653     7.422    79.817  B
1  221    60.701   -47.024    54.390    56.887 NB
1  222    34.709    58.422    53.534   103.502 NB
1  223    41.411     0.682    34.346    53.958 NB
1  224    15.182    -1.740     9.418    53.071 NB
1  225    -0.712     1.419     0.407    18.691  B
1  226   -38.011   -59.375    32.339    40.383 NB
1  227    69.715   -65.926    53.294    72.907 NB
1  228    58.820    -8.144    43.172    72.483 NB
1  229   -27.707    24.183     6.158    82.506  B
1  230    -1.090    32.272    11.002    71.004  B
1  231    59.225   -31.778    49.544    72.123 NB
1  232   -26.641   -50.937    20.876    70.857 NB
1  233   -33.342    62.170    37.797    70.644 NB
1  234   -71.423    54.889    39.882    56.703 NB
1  235   -65.270   -55.465    43.493    47.162 NB
1  236    49.738   -41.071    52.259    77.008 NB
1  237    61.569    -9.018    40.469    55.177 NB
1  238   -49.624   -27.128    16.785    55.301 NB
1  239   -35.256     9.304     0.814    34.681  B
1  240    24.840   -66.293    51.743    64.815 NB
1  241   -58.132    12.748    14.793    42.194 NB
1  242   -70.203    -9.454    28.404    44.390 NB
1  243    55.708    65.551    59.235    66.629 NB
1  244   -57.381    31.671    14.032    47.235 NB
1  245   -60.738   -29.987    28.068    53.577 NB
1  246   -59.869    51.455    30.348    49.038 NB
1  247   -43.646    54.859    29.600    66.940 NB
1  248    -2.616   -46.908    21.723    90.187 NB
1  249   -51.831     0.621    10.753    75.702 NB
1  250     7.499   -55.891    34.114    61.724 NB
1  251   -69.766   -34.499    37.778    60.424 NB
1  252   -42.701     0.358     1.779    55.902  B
1  253    16.077    18.073    16.053    40.467 NB
1  254    13.574    45.092    29.396    77.637 NB
1  255     9.671   -10.845     3.157    60.757  B
1  256   -60.201    35.771    18.605    55.410 NB
1  257    23.282   -13.717    16.114    56.830 NB
1  258    51.333    10.657    47.022    64.338 NB
1  259   -65.100    61.417    41.597    73.053 NB
1  260   -22.728    35.715    11.599    82.444 NB
1  261   -41.095   -63.265    36.855    52.751 NB
1  262    67.818   -41.903    45.911    76.132 NB
1  263    -4.269   -35.857    11.169    56.719 NB
1  264    20.581    55.855    42.213    76.567 NB
1  265   -45.682   -27.806    12.899    67.307 NB
1  266   -50.068    20.579     6.665    65.854  B
1  267   -29.760   -66.918    37.158    49.675 NB
1  268   -63.490   -38.498    32.914    56.030 NB
1  269    38.929   -65.534    60.539    89.537 NB
1  270   -56.058   -19.703    18.600    51.272 NB
1  271   -13.894   -49.233    20.225    74.130 NB
1  272    -2.497   -30.030     6.415    70.244  B
1  273     5.112   -51.585    29.231    53.638 NB
1  274    37.553    -6.403    29.405    51.826 NB
1  275   -70.393    48.418    34.525    68.248 NB
1  276    34.628   -46.779    43.729    86.853 NB
1  277     7.283    26.252    11.996    59.605 NB
1  278   -71.524    -3.951    29.694    77.887 NB
1  279   -33.871    47.934    23.947    52.280 NB
1  280    34.029    17.903    33.582    73.625 NB
1  281   -13.741    55.389    28.429    45.086 NB
1  282   -23.186   -27.146     0.830    26.761  B
1  283    17.095   -58.058    40.561    87.292 NB
1  284     5.249    54.566    34.178    56.110 NB
1  285    11.388    12.066    10.261    68.155 NB
1  286   -55.601    57.220    33.932    60.611 NB
1  287   -68.067     7.468    25.770    42.792 NB
1  288    20.368    18.604    20.340    45.792 NB
1  289   -40.122   -18.950     5.675    70.990  B
1  290    -5.302    63.977    38.258    52.942 NB
1  291   -47.963   -17.301    10.283    56.072 NB
2    1   -34.864     1.920     9.102    53.565  B
2    2   -24.720   -16.580     0.805    24.960  B
2    3    -6.549    64.565    49.425    69.862 NB
2    4   -29.651    -6.399     2.156    36.361  B
2    5    -0.350   -31.523    16.233    61.767 NB
2    6    60.795    21.418    57.673    89.417 NB
2    7    43.467   -58.804    66.117    89.235 NB
2    8    -0.609   -35.480    19.728    37.511 NB
2    9   -67.302    10.299    42.305    64.053 NB
2   10    50.807    44.787    57.820    64.953 NB
2   11   -70.621    36.087    58.373    67.144 NB
2   12   -34.583   -37.212    16.657    67.271 NB
2   13   -46.926    36.171    41.531    76.716 NB
2   14   -26.463     3.446     4.069    55.752  B
2   15     3.611    47.901    34.135    66.360 NB
2   16   -55.187   -50.850    39.252    60.468 NB
2   17     7.060   -18.122    12.461    73.693 NB
2   18    -4.465   -44.290    27.006    58.727 NB
2   19    69.803    60.843    69.650    62.798 NB
2   20   -37.436    27.435    28.995    62.647 NB
2   21   -42.412   -40.440    23.144    61.852 NB
2   22     5.746   -50.013    35.584    69.765 NB
2   23   -32.637   -67.270    45.942    71.987 NB
2   24    39.325   -11.467    37.218    59.860 NB
2   25    32.514   -19.172    33.463    75.818 NB
2   26    28.745    57.312    51.655    68.535 NB
2   27    52.758   -54.702    70.334    68.612 NB
2   28    55.667   -26.017    57.320    51.394 NB
2   29   -45.594   -49.320    32.342    55.247 NB
2   30   -56.787    49.686    58.262    61.128 NB
2   31   -59.942   -65.288    53.553    49.545 NB
2   32    62.540   -54.753    61.913    60.892 NB
2   33    71.626   -43.327    48.342    58.905 NB
2   34    64.759   -26.863    50.273    65.891 NB
2   35    53.872   -18.785    53.152    58.135 NB
2   36    18.437    -0.730    15.256    55.965 NB
2   37     6.415   -10.391     7.266    59.462  B
2   38    69.077   -47.814    52.723    38.087 NB
2   39    52.164   -28.950    55.406    35.833 NB
2   40    40.932     8.701    36.684    49.116 NB
2   41    22.602    -7.961    20.133    60.628 NB
2   42   -50.045    -8.624    22.204    54.433 NB
2   43    -7.501    46.337    31.230    49.015 NB
2   44    24.122     7.382    20.019    52.849 NB
2   45    26.542     1.210    23.542    68.023 NB
2   46    41.968   -18.324    41.731    79.379 NB
2   47   -54.306   -17.103    25.466    37.680 NB
2   48    50.788   -31.658    55.515    52.079 NB
2   49    38.219    67.705    65.543    85.119 NB
2   50   -10.239     9.600     0.198    17.641  B
2   51   -28.670    33.973    27.504    66.581 NB
2   52    31.297     9.330    27.034    52.135 NB
2   53    38.053   -46.599    54.250   101.741 NB
2   54   -57.437   -42.183    35.050    59.393 NB
2   55   -10.896    15.728     2.198    21.731  B
2   56   -40.385    61.118    54.114    74.400 NB
2   57    25.300   -50.556    47.085    91.783 NB
2   58     8.656   -51.636    38.254    49.868 NB
2   59   -52.970   -33.470    26.659    77.580 NB
2   60   -23.988   -57.157    36.072    63.600 NB
2   61    -1.834   -13.593     3.084    42.091  B
2   62   -33.291    45.894    39.473    57.686 NB
2   63   -23.752   -26.476     5.955    90.141  B
2   64    -7.188   -59.144    41.340    57.905 NB
2   65     8.179   -40.146    28.053    78.410 NB
2   66    -8.962   -32.283    14.424    75.648 NB
2   67    48.263    34.000    50.130    56.979 NB
2   68    57.570    47.771    65.101    58.228 NB
2   69   -60.442   -32.560    33.184    78.044 NB
2   70    16.051    32.935    24.362    78.161 NB
2   71   -68.677   -66.213    59.697    75.309 NB
2   72   -13.611    65.100    50.437    90.839 NB
2   73    23.376    48.182    41.069    46.876 NB
2   74   -30.309    -9.932     2.939    32.515  B
2   75    51.110   -49.351    66.172    71.053 NB
2   76    18.138   -32.994    30.154    58.257 NB
2   77   -52.090    11.080    28.603    88.764 NB
2   78   -55.030    39.309    49.064    61.009 NB
2   79    50.615   -40.424    60.190    59.657 NB
2   80    26.787    34.934    32.879    77.380 NB
2   81    17.113    15.769    14.094    55.113 NB
2   82    62.549    -8.048    53.137    72.803 NB
2   83   -42.376     4.958    17.151    67.774 NB
2   84   -10.858    26.217    11.504    69.902 NB
2   85   -57.351    44.517    54.528    47.023 NB
2   86   -19.495   -55.412    35.171    72.368 NB
2   87    -0.878   -39.556    23.485    52.053 NB
2   88   -56.539   -59.415    46.795    49.135 NB
2   89   -10.450    37.078    22.248    51.462 NB
2   90   -54.344   -15.517    25.687    53.786 NB
2   91    71.516   -28.233    43.751    84.299 NB
2   92     6.518   -31.333    20.212    68.008 NB
2   93   -45.984    40.445    44.553    62.757 NB
2   94    12.305    49.586    37.669    74.633 NB
2   95    50.679    15.923    46.790    69.120 NB
2   96    50.657     7.525    46.451    62.883 NB
2   97    52.266     0.174    48.984    58.164 NB
2   98     3.528    25.963    12.597    60.754 NB
2   99   -31.352    52.633    43.937    76.110 NB
2  100   -29.034   -20.791     0.385    28.543  B
2  101    61.276    10.932    57.014    82.691 NB
2  102   -19.942    12.099     8.324    83.573  B
2  103    -4.049   -50.801    33.468    51.191 NB
2  104   -12.839    32.858    18.405    49.434 NB
2  105   -66.850    58.594    67.052    55.282 NB
2  106   -48.934    47.844    51.882    65.497 NB
2  107    34.752   -16.246    34.254    43.079 NB
2  108   -65.040   -45.935    43.425    57.973 NB
2  109    25.725    53.165    46.538    42.340 NB
2  110   -66.947   -10.027    38.590    98.717 NB
2  111    63.628   -47.975    57.581    76.114 NB
2  112   -58.664   -26.553    29.931    60.728 NB
2  113    30.717    66.599    60.657    52.207 NB
2  114   -62.992   -42.539    39.853    54.886 NB
2  115    57.478    60.185    72.570   120.205 NB
2  116    15.970    -5.731    13.176    54.524 NB
2  117    12.625   -53.014    41.319    79.088 NB
2  118   -42.679    18.252    25.554    63.973 NB
2  119   -43.089    49.690    48.811    71.801 NB
2  120    31.856   -60.961    59.149    80.506 NB
2  121   -38.522    -4.280    11.272    52.249 NB
2  122   -48.257   -52.159    36.149    43.016 NB
2  123    31.779    18.323    28.751    46.346 NB
2  124   -69.910   -12.871    41.333    81.156 NB
2  125   -61.761    39.630    53.985    43.438 NB
2  126   -43.200    10.655    20.992    59.970 NB
2  127   -70.867   -51.712    51.516    54.044 NB
2  128    44.598   -25.959    47.320    62.963 NB
2  129   -24.710   -65.783    44.548    79.640 NB
2  130   -31.644   -49.217    27.868    50.682 NB
2  131    42.909   -37.371    52.240    80.456 NB
2  132    57.031    33.784    57.889    93.662 NB
2  133    35.883     3.805    32.207    59.127 NB
2  134    64.783    -3.661    51.651    67.589 NB
2  135    15.485    23.838    17.043    47.863 NB
2  136   -50.110    60.280    57.710    63.359 NB
2  137   -16.872    55.185    41.086    68.209 NB
2  138    25.466    11.913    21.286    52.161 NB
2  139   -15.488    49.962    35.694    57.136 NB
2  140   -44.822   -25.521    16.171    58.816 NB
2  141    -4.076   -55.584    38.173    57.279 NB
2  142    45.776    15.240    41.840    47.526 NB
2  143   -38.770    -0.465    11.928    33.168 NB
2  144   -33.516    27.936    27.639    47.441 NB
2  145     2.883   -65.101    48.986   112.985 NB
2  146    42.871    -5.531    39.747    55.050 NB
2  147    65.404   -16.111    49.625    83.547 NB
2  148    53.741   -12.238    51.458    71.334 NB
2  149    63.331   -60.313    64.440    59.761 NB
2  150   -27.119   -39.531    18.188    52.330 NB
2  151   -20.082     6.397     3.779    44.183  B
2  152   -35.881    44.154    39.830    54.729 NB
2  153    53.064   -63.513    74.649    82.607 NB
2  154   -32.664   -15.065     4.111    55.697  B
2  155   -41.364    22.607    27.513    57.770 NB
2  156    -9.189   -65.058    46.516    67.064 NB
2  157    34.514    -4.166    31.314    68.544 NB
2  158    14.162     5.253    10.957    59.342 NB
2  159     8.994    29.177    17.415    37.878 NB
2  160    52.303    26.822    50.905    71.662 NB
2  161    -9.701    52.078    37.120    56.804 NB
2  162    69.078   -59.722    59.574    47.328 NB
2  163   -22.092    27.942    18.585    78.439 NB
2  164   -59.333    -1.539    32.232   104.073 NB
2  165     0.230    16.683     3.176    39.615  B
2  166    68.623     3.433    48.616    88.325 NB
2  167    10.810    22.945    13.274    60.564 NB
2  168   -26.580    64.064    50.061    74.186 NB
2  169   -60.890   -19.930    31.757    64.004 NB
2  170    11.094    60.644    48.088    78.471 NB
2  171    -7.593   -19.095     1.979    79.472  B
2  172   -30.936     8.405    10.257    58.414 NB
2  173   -64.338   -24.438    35.294    67.179 NB
2  174   -65.053   -57.973    51.194    64.709 NB
2  175    24.155    44.271    38.292    72.270 NB
2  176   -60.563    64.563    58.610    58.387 NB
2  177   -12.440    19.375     5.738    65.393  B
2  178    46.821   -61.380    70.345    38.813 NB
2  179   -46.587   -44.412    28.813    41.141 NB
2  180    40.213    47.392    51.193    90.812 NB
2  181   -34.826   -24.750     6.544    81.040  B
2  182    23.021   -33.604    34.485    49.689 NB
2  183    47.904   -44.712    60.808    54.750 NB
2  184    27.504    21.134    25.779    51.840 NB
2  185    71.020    15.799    49.444   103.480 NB
2  186   -41.927   -11.225    13.695    60.037 NB
2  187     2.647    -1.867     0.195    40.950  B
2  188    56.324     4.151    52.378    39.481 NB
2  189    42.496    55.345    58.474    59.216 NB
2  190   -43.033   -16.687    14.320    61.024 NB
2  191   -61.445    36.934    51.934    47.926 NB
2  192    45.075    28.009    44.617    53.152 NB
2  193    44.198     1.779    40.759    60.427 NB
2  194   -39.165    57.141    51.995    65.230 NB
2  195    38.910    32.659    41.286    73.496 NB
2  196   -31.386    18.025    17.815    75.921 NB
2  197    66.665    36.068    63.456   104.853 NB
2  198   -70.793   -58.404    55.654    36.509 NB
2  199    -4.019     4.963     1.799    10.100  B
2  200   -11.645   -45.551    27.169    41.248 NB
2  201     7.391    57.008    43.867    70.185 NB
2  202    35.198    29.178    36.355    58.651 NB
2  203   -48.097    -3.896    20.769    75.646 NB
2  204   -56.239    -4.475    28.804    65.107 NB
2  205   -52.804   -67.461    51.718    69.220 NB
2  206    28.384    -9.727    26.167    63.954 NB
2  207    49.461    -6.456    46.392    64.159 NB
2  208    37.383   -31.371    44.178    44.874 NB
2  209   -67.903    52.211    67.266    52.654 NB
2  210   -12.276   -52.112    33.214    62.002 NB
2  211     7.582     5.850     5.281    58.936  B
2  212    63.335    18.817    57.700    62.419 NB
2  213   -34.707   -46.878    26.015    68.577 NB
2  214    23.278   -16.662    24.200    63.071 NB
2  215    20.748    21.517    20.000    53.012 NB
2  216    10.693    -7.560     8.745    66.999  B
2  217   -61.159     9.876    36.363    94.850 NB
2  218   -50.606    27.154    37.337    91.660 NB
2  219    -2.256    52.385    37.428    52.592 NB
2  220   -60.761    56.238    65.886    57.077 NB
2  221    61.955   -32.521    53.932    54.664 NB
2  222   -47.578   -20.455    18.435    55.507 NB
2  223    27.097    66.627    59.010    87.153 NB
2  224   -31.777   -54.412    33.056    63.041 NB
2  225    60.559     2.392    56.519    52.806 NB
2  226   -45.822   -58.595    40.699    70.839 NB
2  227    12.728    40.816    29.557    75.574 NB
2  228    58.581   -37.765    58.478    80.518 NB
2  229    17.915   -26.656    26.152    74.335 NB
2  230   -50.436   -40.213    28.354    54.501 NB
2  231   -58.524    28.263    44.193   106.119 NB
2  232    33.409    41.820    42.427    90.897 NB
2  233    69.414   -36.039    47.613    82.798 NB
2  234    -2.234    20.991     6.949    61.687  B
2  235   -44.285   -63.686    44.851    77.938 NB
2  236    11.066   -67.268    53.588    67.355 NB
2  237   -71.211     8.924    45.667    53.732 NB
2  238   -26.956    24.185    20.166    69.754 NB
2  239    37.855    12.925    33.715    51.507 NB
2  240   -18.817    36.238    23.556    74.102 NB
2  241    30.693   -44.698    47.269    68.381 NB
2  242    -2.168    58.066    43.091    72.685 NB
2  243    13.990    11.532     9.846    59.894  B
2  244   -68.907    46.619    63.979    84.575 NB
2  245   -20.297   -38.325    18.172    50.880 NB
2  246    50.579    38.749    54.441    61.691 NB
2  247   -27.791   -35.874    14.481    55.283 NB
2  248   -53.625    17.137    33.194    98.840 NB
2  249    62.880    46.789    69.110    86.840 NB
2  250    39.699   -28.933    44.639    49.374 NB
2  251    12.852   -61.388    48.863    56.521 NB
2  252   -19.659   -33.023    12.993    59.118 NB
2  253    26.762    28.986    29.057    65.040 NB
2  254   -14.199   -43.192    24.113    54.520 NB
2  255    68.430    54.312    74.050    76.926 NB
2  256    33.396    52.633    50.573    74.660 NB
2  257    -1.310    35.388    20.778    63.434 NB
2  258   -12.213   -28.748    10.995    82.649  B
2  259    43.806    57.601    61.026    78.940 NB
2  260    18.948    54.134    44.250    81.023 NB
2  261   -52.894    59.416    59.569    53.134 NB
2  262    46.580   -67.120    71.102    75.169 NB
2  263     0.189   -19.625     7.783    65.982  B
2  264     7.978   -24.642    17.013    69.992 NB
2  265   -34.556   -60.918    39.825    74.556 NB
2  266   -40.823   -32.444    16.015    58.738 NB
2  267    31.060   -45.860    48.296    35.292 NB
2  268    17.281   -62.611    51.967    94.391 NB
2  269   -68.422    29.481    52.448   120.231 NB
2  270   -41.218   -28.369    13.889    36.160 NB
2  271   -12.679    12.671     1.841    25.934  B
2  272     3.511    12.693     0.691    37.942  B
2  273    45.723    21.222    42.954    54.034 NB
2  274   -33.280    36.544    32.636    73.648 NB
2  275   -20.764   -46.791    26.459    74.779 NB
2  276   -56.344   -55.590    43.627    43.598 NB
2  277     9.531    32.871    20.995    50.339 NB
2  278   -24.698    56.100    44.150    74.558 NB
2  279    65.005    66.400    68.882    82.933 NB
2  280    26.335   -34.623    37.744    64.242 NB
2  281    20.597   -19.912    23.925    82.128 NB
2  282    53.364    50.858    63.457    71.361 NB
2  283    -7.706    42.096    27.006    55.351 NB
2  284   -21.782    44.861    32.639    98.493 NB
2  285    15.548   -41.239    33.604   101.566 NB
2  286    36.687    21.785    34.505    61.468 NB
2  287    28.750   -55.335    52.915    78.756 NB
2  288   -34.416    12.730    15.655    55.772 NB
2  289    58.447   -18.586    56.367    53.178 NB
2  290    -2.736    31.636    16.809    58.292 NB
2  291     5.576    41.832    28.588    66.993 NB
2  292    32.305   -30.619    39.787    78.006 NB
2  293     1.294     5.999     3.438    38.562  B
