1    1   -38.435    -9.087     0.277    16.352  B
1    2     4.485    41.863    39.605    60.001 NB
1    3   -37.054   -22.535     0.948     0.290  B
1    4    17.495    12.564    23.200    57.362 NB
1    5    48.382   -57.551    51.966    85.175 NB
1    6    34.944   -53.420    38.181    70.501 NB
1    7   -38.300   -52.526     7.217    75.742  B
1    8   -70.010    18.779    28.111    62.215 NB
1    9   -31.702     3.467     0.427     8.221  B
1   10    37.495    67.699    55.710    53.902 NB
1   11   -22.206    14.915     8.240    73.320  B
1   12    52.562   -13.379    44.691    59.373 NB
1   13    20.164   -60.086    31.212    95.926 NB
1   14    66.109    18.876    35.795    92.458 NB
1   15   -50.455   -33.281     6.969    58.177  B
1   16    47.766    16.705    52.568   119.171 NB
1   17   -29.322   -16.839     0.226     0.320  B
1   18    14.625    67.469    39.329    85.277 NB
1   19    36.973    46.957    60.621    68.283 NB
1   20   -29.693   -68.598    20.718    65.366 NB
1   21    56.137   -19.723    40.589    63.402 NB
1   22   -60.195   -14.486    13.962    77.832 NB
1   23   -45.249    35.397    24.419    56.597 NB
1   24   -61.012   -22.217    13.675    61.916 NB
1   25    52.217    27.065    51.595    75.388 NB
1   26   -23.933    -2.839     1.694    19.071  B
1   27   -30.759   -59.569    12.771    62.585 NB
1   28   -20.996   -72.399    23.980    61.224 NB
1   29    47.372   -15.606    43.966    56.731 NB
1   30   -56.709     7.259    12.309    58.586 NB
1   31   -29.789    67.422    29.798    56.452 NB
1   32    68.829   -37.546    31.080    50.172 NB
1   33     4.263   -42.614     8.420    59.284  B
1   34    52.639     8.056    45.761   125.625 NB
1   35   -57.169    -3.520    11.460    72.314 NB
1   36    65.974   -49.063    38.669    52.609 NB
1   37   -51.361    55.603    45.368    63.850 NB
1   38    46.013   -32.274    41.852    81.822 NB
1   39   -65.837    26.019    27.445    64.123 NB
1   40   -50.896   -25.373     4.904    52.071  B
1   41   -39.699   -30.448     0.495    29.632  B
1   42    49.197    24.402    53.583    59.013 NB
1   43     3.586    -1.369     5.153    54.704  B
1   44    -6.563     8.025     4.032    53.121  B
1   45    22.364    -7.808    23.336    71.831 NB
1   46     7.087    26.458    26.091   106.980 NB
1   47   -34.514    67.197    31.250    55.175 NB
1   48    65.206    13.662    35.128    84.667 NB
1   49   -18.208    18.013    11.316    63.677  B
1   50   -48.717    22.152    12.570    62.827 NB
1   51   -20.823     7.538     4.122    59.876  B
1   52    39.375   -50.329    40.666    52.777 NB
1   53    34.484    12.072    38.619    68.418 NB
1   54   -32.488    52.608    40.156    54.605 NB
1   55   -58.855   -68.637    32.932    70.837 NB
1   56    53.057   -48.737    49.904    54.364 NB
1   57   -60.613    52.914    45.488    67.621 NB
1   58   -45.901    11.180     3.067    52.071  B
1   59   -61.360    47.831    41.188    51.327 NB
1   60    13.680     9.497    18.363    70.679 NB
1   61   -64.739    60.988    48.489    78.029 NB
1   62     0.813    -9.045     2.719    41.852  B
1   63     0.364     0.438     2.773    43.611  B
1   64    29.358   -46.890    30.186    60.121 NB
1   65   -29.962    -5.487     0.420     0.380  B
1   66   -67.171   -61.218    35.771    45.198 NB
1   67     1.199    57.440    42.399   135.734 NB
1   68   -12.860    -5.363     0.483     0.070  B
1   69    61.240    71.609    55.536    65.670 NB
1   70    33.577   -19.872    29.624    59.020 NB
1   71    42.677    67.120    59.819    71.425 NB
1   72    20.653   -66.033    35.448    54.910 NB
1   73    -0.571    16.617    13.954   104.438 NB
1   74    42.974   -39.706    40.189    55.409 NB
1   75   -25.132   -71.571    22.961    44.901 NB
1   76   -30.157    42.080    30.090    77.746 NB
1   77     7.830     5.681    11.409   100.020 NB
1   78    -9.554   -16.494     0.233     0.000  B
1   79   -68.855    -9.275    24.029    80.506 NB
1   80    67.349    -7.834    31.537    57.785 NB
1   81    26.063     4.196    28.056    94.254 NB
1   82    59.980    -1.426    37.837    65.189 NB
1   83    71.788   -45.330    31.759    53.085 NB
1   84    17.248   -41.426    16.905    94.959 NB
1   85    59.462   -61.909    51.596    46.926 NB
1   86    41.568     5.033    43.268    97.102 NB
1   87   -51.074    62.374    40.155    58.515 NB
1   88    33.637   -45.043    33.202    53.786 NB
1   89    26.269    22.984    36.353    75.854 NB
1   90   -67.664   -41.944    25.937    53.187 NB
1   91   -70.361    49.893    47.612    79.488 NB
1   92    40.286   -12.447    37.924    65.087 NB
1   93   -11.315    11.965     5.963    64.556  B
1   94   -27.056    29.747    19.484    43.232 NB
1   95    70.970    45.506    45.951    70.923 NB
1   96    13.890   -71.912    34.290    79.370 NB
1   97   -16.729   -34.214     0.192     0.000  B
1   98    31.150   -33.654    27.286    53.954 NB
1   99     4.684   -35.756     3.171    64.724  B
1  100    -1.080    34.322    30.542   105.999 NB
1  101    21.604    40.736    45.939    89.053 NB
1  102    51.918    64.024    67.417    92.393 NB
1  103   -67.525   -19.151    20.076    72.963 NB
1  104    27.289    65.109    49.626    65.096 NB
1  105    57.980    66.020    61.216    80.215 NB
1  106    42.681   -46.747    42.214    62.079 NB
1  107   -51.151   -72.150    30.667    80.397 NB
1  108   -19.421   -46.609     0.542    25.911  B
1  109   -37.368    34.227    21.607    58.306 NB
1  110   -13.885   -59.417    12.358    83.499  B
1  111   -56.442   -33.452    11.990    66.833 NB
1  112   -21.347     1.386     3.242    37.207  B
1  113   -38.542    30.128    17.618    59.467 NB
1  114    19.566   -30.039    15.310    76.827 NB
1  115    70.871     5.763    27.411    85.471 NB
1  116   -33.368    18.128     6.262    86.595  B
1  117    29.797    34.416    46.669    66.515 NB
1  118    60.248    35.862    48.026    79.521 NB
1  119   -38.729    21.258     8.928    71.389  B
1  120    14.596   -48.822    19.188    56.054 NB
1  121    12.302    52.749    50.802    68.599 NB
1  122   -48.547   -10.723     6.736    85.896  B
1  123   -15.775    39.677    32.805    85.199 NB
1  124    37.159   -17.959    33.489    48.596 NB
1  125    46.505    29.083    56.579    82.984 NB
1  126   -35.817   -41.211     2.748    45.251  B
1  127   -62.325    68.053    41.525    56.208 NB
1  128   -13.432   -47.574     1.233    22.661  B
1  129   -12.919     4.066     2.003    18.091  B
1  130    58.787    46.260    55.255    67.917 NB
1  131    -4.385   -71.640    25.259   112.572 NB
1  132   -47.788    20.296    10.494    52.048  B
1  133     6.112   -27.981     1.953    27.472  B
1  134   -10.927    49.551    42.959    81.054 NB
1  135    16.654    51.881    53.137    79.901 NB
1  136    65.762   -13.908    31.603    80.025 NB
1  137    31.088    30.441    44.834    86.958 NB
1  138    45.895   -68.840    55.891    84.729 NB
1  139    -9.349   -37.936     0.313     1.080  B
1  140    18.399   -45.895    20.142    52.001 NB
1  141    17.808    18.707    27.112    56.100 NB
1  142   -63.878   -30.651    18.085    64.391 NB
1  143   -56.721    46.097    37.704    52.679 NB
1  144   -25.536    49.632    38.549    52.978 NB
1  145     4.690   -57.256    17.517    89.983 NB
1  146   -58.819   -55.036    25.691    47.253 NB
1  147    11.856    21.188    24.636    94.771 NB
1  148   -28.275   -53.742     6.557    69.269  B
1  149    59.162   -46.391    43.375    50.236 NB
1  150    31.791    19.305    38.959    95.433 NB
1  151   -40.529    11.431     0.807    28.282  B
1  152    41.651    36.350    56.713    70.137 NB
1  153    32.110    67.833    51.587    58.982 NB
1  154    67.848    -1.806    30.009    67.750 NB
1  155    51.529   -54.319    53.331    46.666 NB
1  156   -43.740   -64.051    19.944    73.480 NB
1  157    64.460   -70.286    51.066    53.363 NB
1  158   -52.976   -48.994    18.242    54.179 NB
1  159   -62.744     6.858    17.513    87.790 NB
1  160    55.637    -5.409    42.542    62.845 NB
1  161   -21.916    62.883    33.877    73.655 NB
1  162     8.354    47.771    46.341    78.017 NB
1  163    37.315    12.425    41.430    66.126 NB
1  164   -65.498   -69.850    38.805    40.321 NB
1  165    23.208   -25.728    18.921    81.317 NB
1  166   -42.459     4.280     0.784    12.840  B
1  167    13.425    36.275    37.751    84.226 NB
1  168   -18.899    46.917    38.478    68.753 NB
1  169   -48.443    49.101    38.401    49.316 NB
1  170    67.013   -58.645    43.812    46.556 NB
1  171    65.191    43.358    48.506    77.961 NB
1  172   -50.875    -6.751     7.611    53.160  B
1  173   -24.048   -59.157    10.527    79.039  B
1  174     5.873   -46.620    11.911    65.198 NB
1  175     4.119   -20.207     3.575    41.797  B
1  176    50.434    37.486    57.385    86.774 NB
1  177    24.236   -68.624    39.830    84.261 NB
1  178    61.468    30.339    44.318    91.679 NB
1  179   -11.701    66.477    31.598    82.048 NB
1  180    31.384    51.544    60.447    79.862 NB
1  181    63.171     5.639    34.980    70.487 NB
1  182    42.995    -4.544    43.396    71.866 NB
1  183    50.973   -34.679    47.039    64.090 NB
1  184    48.108    48.951    65.370    83.615 NB
1  185   -52.459   -60.194    22.582    69.927 NB
1  186   -41.494    52.049    39.737    66.764 NB
1  187    71.545   -27.852    26.299    64.067 NB
1  188   -23.600    54.705    41.984    47.435 NB
1  189    26.339   -51.644    29.941    79.690 NB
1  190    53.812   -42.361    46.841    62.614 NB
1  191    33.797   -62.891    42.772   109.234 NB
1  192    -1.679    51.610    46.594    80.939 NB
1  193   -58.390    63.918    42.371    61.640 NB
1  194   -38.107   -64.710    18.550    61.725 NB
1  195   -12.291    30.860    24.219   107.866 NB
1  196    18.582    59.610    48.008    67.377 NB
1  197    37.967   -38.904    35.159    62.362 NB
1  198    58.225   -34.145    40.442    62.583 NB
1  199    42.702    40.498    60.195    56.984 NB
1  200    56.780    53.892    61.837    97.285 NB
1  201   -67.384    13.895    24.170    74.908 NB
1  202    16.738    -5.846    17.509    73.638 NB
1  203    30.492   -10.913    29.366    74.022 NB
1  204   -66.227   -71.753    40.553    42.695 NB
1  205   -23.513    37.202    27.730    77.340 NB
1  206    50.885   -68.325    59.618    83.086 NB
1  207    -3.340    41.211    36.149    86.814 NB
1  208   -35.358   -27.464     0.771     6.040  B
1  209   -57.536    27.175    21.825    76.168 NB
1  210   -51.173   -66.203    25.865    48.717 NB
1  211    25.226   -12.951    23.744    71.738 NB
1  212    11.863   -54.255    21.074    77.117 NB
1  213   -59.616   -42.368    19.871    69.765 NB
1  214   -40.989    44.343    32.033    42.092 NB
1  215   -19.524    57.220    39.738    50.799 NB
1  216    12.441   -20.469     8.978    50.859  B
1  217    -5.319   -42.017     0.795    41.965  B
1  218    63.110   -40.776    37.578    56.473 NB
1  219   -51.396    33.890    24.397    56.283 NB
1  220   -11.650   -53.693     6.454    59.969  B
1  221    64.011   -65.338    49.351    43.435 NB
1  222    33.422    42.115    54.680    75.373 NB
1  223    44.776   -22.235    40.517    90.564 NB
1  224    15.303   -19.167    12.120    73.653 NB
1  225    -0.289   -19.836     2.983    33.901  B
1  226   -43.002    66.264    33.693    70.660 NB
1  227    68.384    59.108    57.331   118.644 NB
1  228    59.028   -20.990    37.701    46.549 NB
1  229   -31.394     8.559     0.476    30.493  B
1  230   -11.231    21.605    15.174   100.010 NB
1  231    63.392   -54.874    44.114    53.587 NB
1  232   -38.620   -71.804    25.552    68.013 NB
1  233   -36.418    46.557    33.915    48.753 NB
1  234   -66.812    33.827    33.074    72.551 NB
1  235    71.732    67.973    48.923    89.014 NB
1  236    55.729   -59.751    53.172    51.131 NB
1  237    60.315   -27.230    37.070    71.783 NB
1  238   -48.597   -51.856    15.004    53.513 NB
1  239   -34.772    -5.040     1.627     8.611  B
1  240    27.764    55.441    56.943    86.827 NB
1  241   -62.239    -6.942    17.322    71.094 NB
1  242   -65.415   -36.450    21.408    55.554 NB
1  243    53.888    48.620    60.548    46.600 NB
1  244   -53.176     9.659     9.438    61.897  B
1  245   -61.497   -51.030    27.003    58.344 NB
1  246   -54.985    36.014    27.769    65.137 NB
1  247   -43.263    40.538    28.731    46.039 NB
1  248    -0.455   -66.837    22.104    60.762 NB
1  249   -53.974   -22.134     6.762    68.074  B
1  250     6.465   -72.518    30.331    92.272 NB
1  251   -69.992   -53.093    34.792    67.739 NB
1  252   -38.551   -15.610     1.854    14.031  B
1  253    11.366    -7.609    12.525    68.946 NB
1  254    23.357    19.045    31.662    60.175 NB
1  255    10.147   -29.664     5.909    67.816  B
1  256   -56.956    19.180    16.296    89.585 NB
1  257    27.440   -34.047    23.731    72.402 NB
1  258    50.442    -5.937    47.761    67.434 NB
1  259   -64.785    38.424    35.092    76.196 NB
1  260   -22.866    27.364    19.010    85.109 NB
1  261   -45.265    60.304    40.057    60.344 NB
1  262    71.700   -62.937    41.337    58.301 NB
1  263    -3.241   -56.222    11.363    75.889 NB
1  264    20.653    37.530    42.797    69.937 NB
1  265   -43.333   -51.451    10.089    54.273 NB
1  266   -47.551    -0.045     1.239    57.365  B
1  267   -32.379    58.661    38.900    76.261 NB
1  268   -63.691   -58.490    31.487    49.740 NB
1  269    42.311    57.586    65.929   115.529 NB
1  270   -50.250   -41.911    13.887    57.594 NB
1  271   -17.096   -66.402    19.128    88.399 NB
1  272    -3.588   -49.641     6.378    67.301  B
1  273     2.945   -67.930    24.594    58.264 NB
1  274    33.356   -26.780    29.111    82.203 NB
1  275   -71.943    27.979    33.675    83.973 NB
1  276    35.620   -70.369    49.283    75.052 NB
1  277    -3.216    14.204    10.921    57.540 NB
1  278    67.730   -32.806    30.854    52.627 NB
1  279   -31.225    29.336    17.474    60.837 NB
1  280    35.697    -1.800    36.474    95.292 NB
1  281   -11.412    57.184    40.892    63.365 NB
1  282   -25.253   -45.942     0.313    25.530  B
1  283    20.899    64.204    45.823    53.946 NB
1  284     8.746    36.973    36.309    59.344 NB
1  285     7.748   -13.372     8.728    61.531  B
1  286   -51.418    45.115    35.136    50.692 NB
1  287    68.921   -21.603    27.834    66.371 NB
1  288    21.527     4.481    23.871    75.509 NB
1  289   -39.373   -44.145     4.171    56.785  B
1  290   -11.414    62.472    35.605    58.197 NB
1  291   -47.098   -39.069     9.677    57.623  B
2    1   -44.627   -18.392    11.630    80.113  B
2    2   -32.293   -40.530     0.267    25.201  B
2    3   -10.930    53.254    50.637    76.353 NB
2    4   -34.347   -30.208     0.594    33.212  B
2    5     1.113   -52.379    17.760    71.854 NB
2    6    61.595     4.456    55.689    56.904 NB
2    7    42.535    60.794    66.807    79.320 NB
2    8     3.757   -60.564    26.353    69.294 NB
2    9   -65.798     0.028    38.867    51.190 NB
2   10    57.919    30.082    68.235    67.151 NB
2   11   -66.887    16.346    50.271    75.642 NB
2   12   -34.355   -62.664    16.675    68.749 NB
2   13   -41.946    22.019    38.541    84.963 NB
2   14   -34.556   -19.454     2.060    58.233  B
2   15     6.052    37.218    39.070    87.778 NB
2   16   -51.001    68.872    35.418    76.987 NB
2   17     9.193   -43.576    14.108    80.406 NB
2   18    -5.872   -62.029    23.827    59.523 NB
2   19    69.330    42.563    70.599    59.055 NB
2   20   -36.595    11.673    26.905    61.024 NB
2   21   -39.512   -60.303    15.746    66.992 NB
2   22     3.631    70.401    39.284    62.531 NB
2   23   -34.972    57.135    42.174    65.096 NB
2   24    39.796   -27.870    37.397    58.952 NB
2   25    29.602   -41.591    31.658    79.982 NB
2   26    32.274    37.303    51.968   100.096 NB
2   27    55.896    69.349    63.051   104.566 NB
2   28    48.674   -46.706    51.402    79.134 NB
2   29   -40.259    70.796    29.419    37.448 NB
2   30   -52.098    36.325    55.890    81.335 NB
2   31   -69.772    45.509    65.235    59.863 NB
2   32    64.814    68.837    55.641    69.324 NB
2   33   -68.966   -66.682    41.635    67.953 NB
2   34    65.761   -49.468    44.891    56.136 NB
2   35    52.731   -41.512    53.179    74.212 NB
2   36    17.065   -20.682    14.734    57.671 NB
2   37    -0.849   -29.088     2.070    21.084  B
2   38   -72.082   -72.514    47.361    67.252 NB
2   39    43.911   -60.873    52.466    60.314 NB
2   40    55.309   -12.652    53.812    51.695 NB
2   41    16.288   -26.484    13.940    77.370  B
2   42   -60.253   -37.858    26.821   125.962 NB
2   43    -1.036    36.637    37.308    65.674 NB
2   44    12.606   -17.376    11.788    65.676  B
2   45    24.770   -15.891    23.459    76.926 NB
2   46    42.556   -49.263    46.283    60.440 NB
2   47   -64.579   -45.956    30.717    64.329 NB
2   48    48.130   -57.295    54.502    68.108 NB
2   49    39.093    53.982    69.157    85.958 NB
2   50   -14.916   -12.266     2.427    22.902  B
2   51   -21.137    11.643    19.447    99.817 NB
2   52    28.643   -12.161    28.438    56.301 NB
2   53    42.512   -70.637    57.006    85.404 NB
2   54   -59.562    72.048    38.164    56.100 NB
2   55   -15.746    -3.523     4.216    53.741  B
2   56   -34.960    48.693    50.606    80.426 NB
2   57    30.101    71.165    50.899    76.223 NB
2   58    13.294    72.316    41.572    76.009 NB
2   59   -55.662   -65.498    30.010    40.505 NB
2   60   -26.084    64.547    35.251    48.858 NB
2   61    -6.085   -32.495     0.522     8.901  B
2   62   -20.954    28.110    33.033    80.194 NB
2   63   -25.964   -49.637     6.647    59.270  B
2   64    -7.172    62.902    43.378    72.054 NB
2   65    12.571   -67.933    36.637    57.991 NB
2   66    -7.700   -52.337    14.063    77.144  B
2   67    49.363    13.420    54.044    71.307 NB
2   68    62.471    30.480    70.733    58.922 NB
2   69   -62.789   -62.262    34.089    86.849 NB
2   70    13.648    16.035    23.711    71.868 NB
2   71    70.827    52.314    62.047    66.551 NB
2   72   -10.658    50.420    51.309    64.961 NB
2   73    31.177    25.960    43.402    62.561 NB
2   74   -31.248   -33.053     0.847    12.901  B
2   75    53.603   -67.415    61.556    68.707 NB
2   76    18.546   -43.614    21.912    95.133 NB
2   77   -46.148    -5.337    20.284    65.224 NB
2   78   -45.134    27.198    44.588    70.968 NB
2   79    55.217   -62.100    58.142    53.510 NB
2   80    23.597    21.850    34.942    99.210 NB
2   81    12.661    -5.465    14.430    69.020 NB
2   82    70.299   -32.584    40.182    76.502 NB
2   83   -50.223   -10.028    20.330    73.953 NB
2   84    -2.563    11.487    12.149    65.685 NB
2   85   -49.206    30.617    49.493    37.552 NB
2   86   -21.487    64.704    36.156    69.699 NB
2   87     3.440   -66.334    31.595    75.247 NB
2   88   -53.904    56.744    47.461    68.409 NB
2   89    -8.705    25.621    26.476    61.307 NB
2   90   -60.662   -46.670    26.899    45.252 NB
2   91    70.612   -53.434    40.895    47.794 NB
2   92    14.447   -55.099    26.261    79.305 NB
2   93   -35.057    21.148    35.244    80.692 NB
2   94    17.922    34.605    41.231    43.175 NB
2   95    49.385    -1.708    51.344    80.051 NB
2   96    54.021   -18.961    51.600    54.257 NB
2   97    48.681   -20.198    46.176    57.101 NB
2   98     4.793     6.408    10.639    83.217  B
2   99   -24.932    31.679    38.148    78.787 NB
2  100   -35.756   -47.578     3.325    70.427  B
2  101    62.773   -11.610    48.986    60.253 NB
2  102   -26.626    -7.427     5.546    63.164  B
2  103    -9.384    70.376    35.651    79.377 NB
2  104    -8.514    15.875    16.881    80.487 NB
2  105    69.497    35.946    69.256    79.233 NB
2  106   -33.835    40.725    50.629    95.583 NB
2  107    34.650   -39.342    35.646    88.511 NB
2  108   -65.589    65.346    47.170    48.221 NB
2  109    27.727    30.746    44.074    68.608 NB
2  110   -62.012   -14.061    29.534    63.322 NB
2  111    67.012   -66.062    48.691    83.334 NB
2  112   -54.177   -62.600    27.031    39.397 NB
2  113    28.906    50.770    60.742    71.737 NB
2  114   -62.562    68.449    42.835    50.908 NB
2  115    56.515    44.212    74.610    99.689 NB
2  116     5.132   -32.327     6.459   118.127  B
2  117     4.474    68.082    41.742    71.117 NB
2  118   -43.210     2.022    23.079    68.148 NB
2  119   -31.952    32.704    43.116    99.999 NB
2  120    27.676    57.221    61.325    64.949 NB
2  121   -40.756   -30.370     6.976    79.151  B
2  122   -43.554    65.179    35.732    59.001 NB
2  123    31.886     0.022    34.208    70.508 NB
2  124   -63.587   -11.130    31.918    49.568 NB
2  125   -51.967    27.744    48.436    86.143 NB
2  126   -54.016    -2.458    27.896    94.581 NB
2  127   -70.651    62.295    52.904    51.944 NB
2  128    41.273   -53.733    46.782    54.434 NB
2  129   -29.455    60.054    39.326    64.807 NB
2  130   -26.131   -71.648    26.294    64.038 NB
2  131    46.308   -67.935    58.347    56.199 NB
2  132    63.275    19.716    62.759    70.204 NB
2  133    35.448   -15.286    33.864    63.188 NB
2  134    71.250   -27.026    39.315    92.985 NB
2  135    18.148     3.951    21.428    71.026 NB
2  136   -47.802    45.915    55.408    75.760 NB
2  137   -13.795    40.238    41.806    57.113 NB
2  138    20.963    -8.182    22.635    61.828 NB
2  139   -10.614    31.823    32.916    41.074 NB
2  140   -54.967   -57.123    24.777    45.896 NB
2  141    -7.624    66.734    39.632    44.829 NB
2  142    51.646    -9.000    51.157    85.996 NB
2  143   -49.013   -26.074    15.803    54.562 NB
2  144   -33.769     7.672    22.117    67.935 NB
2  145     3.474    53.491    54.579    78.602 NB
2  146    42.985   -31.241    41.054    59.167 NB
2  147    66.190   -35.232    44.495    61.242 NB
2  148    52.407   -30.400    50.225    95.434 NB
2  149    59.340    62.161    63.927    98.930 NB
2  150   -23.776   -61.106    17.186    50.455 NB
2  151   -24.467   -18.654     0.731    26.940  B
2  152   -28.861    17.478    28.511    75.364 NB
2  153    51.345    52.272    75.989    85.523 NB
2  154   -42.380   -39.645     9.142    82.972  B
2  155   -44.036     8.794    28.462    83.248 NB
2  156   -12.681    60.505    43.338    77.099 NB
2  157    35.374   -21.026    32.844    52.782 NB
2  158    12.808   -18.629    11.351    48.428  B
2  159    12.666    11.409    19.857    77.518 NB
2  160    59.050     8.810    59.990    62.287 NB
2  161    -7.298    41.127    41.737    64.333 NB
2  162    67.516    63.137    56.838    44.513 NB
2  163   -21.798     2.606    12.710    73.559 NB
2  164   -54.690   -17.614    21.585    74.755 NB
2  165    -8.002     0.578     3.703    59.525  B
2  166   -68.490   -11.982    36.332    69.581 NB
2  167     7.228    -0.209     9.770    71.858  B
2  168   -31.559    53.664    45.605    70.684 NB
2  169   -68.644   -50.570    35.426    74.259 NB
2  170    12.641    48.382    51.652    98.284 NB
2  171    -9.200   -36.249     1.597    43.042  B
2  172   -38.730   -14.637     8.406    59.570 NB
2  173    66.883   -40.678    43.413    77.040 NB
2  174   -64.836    53.384    55.951    69.608 NB
2  175    33.093    19.262    41.241    64.838 NB
2  176   -62.134    42.827    63.597    63.543 NB
2  177   -19.883    -0.408     9.371    48.227 NB
2  178    48.595    56.627    73.945    75.204 NB
2  179   -42.962   -69.625    25.662    79.529 NB
2  180    49.593    22.163    57.306    65.295 NB
2  181   -30.404   -52.949     7.114    68.886  B
2  182    20.669   -59.586    33.644    51.965 NB
2  183    37.793    65.763    59.948    89.581 NB
2  184    26.079    -3.666    27.968    56.725 NB
2  185    66.866    -7.644    46.057    51.281 NB
2  186   -48.321   -36.800    15.726    78.967 NB
2  187    -7.451   -19.534     1.292    28.811  B
2  188    61.182   -20.859    49.503    86.892 NB
2  189    48.901    28.558    59.579    64.538 NB
2  190   -51.184   -44.206    17.229    94.485 NB
2  191   -59.469    18.154    45.947    79.726 NB
2  192    49.959     6.889    53.049    56.847 NB
2  193    44.388   -20.791    41.850    70.627 NB
2  194   -22.395    43.620    47.637    94.020 NB
2  195    42.255    19.453    49.502    57.321 NB
2  196   -38.246    -2.526    16.354    64.509 NB
2  197    67.318     9.910    53.572    73.547 NB
2  198    69.391    58.490    58.539    54.308 NB
2  199    -8.356   -12.629     0.933    15.302  B
2  200   -10.046   -63.014    23.884    60.083 NB
2  201    13.911    38.367    42.778    65.445 NB
2  202    38.753     9.760    42.826    66.312 NB
2  203   -51.677   -26.384    18.339    63.502 NB
2  204   -60.587   -24.589    27.198   117.162 NB
2  205   -58.166    48.645    56.611    76.634 NB
2  206    31.770   -25.704    29.205    98.792 NB
2  207    43.532   -38.036    43.348    78.593 NB
2  208    34.339   -64.688    46.927    82.984 NB
2  209   -65.254    31.120    59.240    66.783 NB
2  210   -17.802    70.495    32.113    52.792 NB
2  211     0.367   -16.363     4.404    87.176  B
2  212    62.503    -3.006    51.729    77.442 NB
2  213   -26.289   -65.125    19.943    50.587 NB
2  214    19.451   -31.813    18.686    78.824 NB
2  215    19.196    -2.868    21.313    45.914 NB
2  216    -0.930   -26.032     4.005    56.446  B
2  217   -63.017    -1.261    35.830    66.676 NB
2  218   -53.340    14.427    38.934    78.410 NB
2  219    -0.531    46.737    47.413    62.445 NB
2  220   -63.663    36.994    62.746    68.580 NB
2  221    63.349   -46.571    46.988    70.776 NB
2  222   -57.221   -50.956    24.482    66.150 NB
2  223    25.099    48.780    57.100    65.658 NB
2  224   -35.758   -72.009    26.115    58.618 NB
2  225    67.903   -19.375    42.844    81.193 NB
2  226   -46.858    59.434    42.229    67.915 NB
2  227    17.927    30.121    37.426    64.609 NB
2  228    58.266   -58.078    54.027    91.314 NB
2  229    13.264   -44.453    17.810    55.186 NB
2  230   -53.880   -71.249    32.847    49.963 NB
2  231   -67.253    10.230    46.217    80.807 NB
2  232    35.680    14.761    41.603    63.683 NB
2  233    69.047   -59.170    44.142    70.729 NB
2  234    -5.305     5.635     6.205    72.746  B
2  235   -45.555    51.380    49.544    75.167 NB
2  236     8.757    58.427    52.305    79.022 NB
2  237   -71.186    -4.976    41.271    60.480 NB
2  238   -31.047    -1.985    12.183    69.056 NB
2  239    36.925    -7.950    37.718   105.184 NB
2  240   -15.181    19.788    22.957    87.209 NB
2  241    29.663   -60.163    40.432    59.506 NB
2  242     1.719    49.119    50.015    49.393 NB
2  243     5.174    -7.487     6.831    78.119  B
2  244   -65.692    24.573    54.874    65.043 NB
2  245   -15.678   -58.552    18.172    63.906 NB
2  246    57.718    17.723    63.324    69.186 NB
2  247   -21.143   -57.201    14.968    46.823 NB
2  248   -54.378     9.587    36.521    94.095 NB
2  249    63.150    25.077    66.431    52.184 NB
2  250    33.981   -50.959    39.005    66.328 NB
2  251    14.593    63.140    50.446    90.010 NB
2  252   -19.682   -48.423     7.477    57.675  B
2  253    24.482     5.448    27.918   108.353 NB
2  254    -8.123   -58.447    19.777    39.146 NB
2  255   -71.495    27.257    60.980    74.692 NB
2  256    40.304    24.584    50.150    72.071 NB
2  257     0.495    23.888    24.859    62.825 NB
2  258   -15.874   -46.631     7.184    93.245  B
2  259    40.143    36.498    57.040   100.729 NB
2  260    21.441    40.486    48.085    81.277 NB
2  261   -45.336    38.873    55.389    88.508 NB
2  262    42.722    46.705    65.971   112.264 NB
2  263    -0.960   -44.383     9.602   106.305  B
2  264     8.782   -53.686    22.081    63.339 NB
2  265   -35.404    66.575    32.782    62.574 NB
2  266   -43.092   -54.739    13.465    88.918 NB
2  267    25.246   -70.524    45.087    89.029 NB
2  268    19.132    54.526    59.684    79.773 NB
2  269    70.655     4.486    47.800    66.835 NB
2  270   -50.684   -58.398    21.729    62.264 NB
2  271   -19.807   -10.887     1.757    36.916  B
2  272    -4.463    -2.335     0.906    27.602  B
2  273    50.920     2.659    53.404    51.150 NB
2  274   -28.696    12.834    24.801    51.569 NB
2  275   -19.158   -70.421    27.578    64.890 NB
2  276   -59.633    58.665    48.658    68.061 NB
2  277    15.107    20.789    28.236    60.113 NB
2  278   -19.244    43.855    46.765    65.584 NB
2  279    62.542    46.719    71.746    90.825 NB
2  280    24.929   -56.993    34.779    52.225 NB
2  281    23.526   -34.729    23.639    79.238 NB
2  282    50.771    35.009    64.574    90.362 NB
2  283    -4.593    30.263    30.777    53.399 NB
2  284   -14.030    33.136    34.982    53.852 NB
2  285    17.516   -65.239    36.419    61.254 NB
2  286    38.333     4.104    41.116    81.543 NB
2  287    26.343    62.625    55.945    87.085 NB
2  288   -33.825   -10.429     8.599    66.776  B
2  289    57.059   -36.194    53.628    76.472 NB
2  290    -1.029    19.821    20.608    70.898 NB
2  291     9.003    26.376    29.834    92.647 NB
2  292    29.656   -53.447    36.432    59.346 NB
2  293    -3.741    -8.375     0.659     9.930  B
