1    1   -50.421   -14.441     1.123    64.735  B
1    2    -0.446    37.070    44.501    78.071 NB
1    3   -42.310   -30.132     0.243     1.000  B
1    4    20.129     1.775    31.149    74.434 NB
1    5    45.292   -67.513    52.569    60.860 NB
1    6    38.777   -66.736    46.351    90.004 NB
1    7   -44.330   -60.811     6.516    65.081  B
1    8    69.767     7.681    35.168    75.839 NB
1    9   -34.617    -2.931     0.913    35.962  B
1   10    34.425    69.065    46.216    51.672 NB
1   11   -21.068    12.532    14.991    59.717 NB
1   12    53.062   -23.706    46.145    75.695 NB
1   13    16.587   -60.251    23.972    87.663 NB
1   14    62.930    15.389    44.212    69.885 NB
1   15   -61.059   -40.420     6.507    68.683  B
1   16    44.593     8.515    56.294   114.003 NB
1   17   -35.562   -19.425     0.217     4.020  B
1   18    12.315    58.196    40.573    66.299 NB
1   19    36.266    42.899    66.366    80.275 NB
1   20   -35.438    68.434    17.124    81.313 NB
1   21    48.516   -29.615    50.090    64.252 NB
1   22    76.187   -18.954    23.580    84.951 NB
1   23   -53.894    26.448    24.115    50.127 NB
1   24   -65.755   -30.570     9.995    58.697 NB
1   25    53.530    21.060    55.106    69.880 NB
1   26   -29.594   -13.784     1.093     8.331  B
1   27   -36.043   -65.733     8.814    47.416  B
1   28   -28.269    59.355    22.922    55.571 NB
1   29    39.948   -21.968    47.415    84.143 NB
1   30   -64.235     0.351    13.647    48.754 NB
1   31   -37.654    58.443    27.281    80.513 NB
1   32    69.271   -42.175    30.603    61.603 NB
1   33     3.501   -44.921     6.238    63.743  B
1   34    50.995     4.507    52.978    87.814 NB
1   35   -70.744   -16.452    16.571    84.201 NB
1   36    72.656   -52.896    29.985    57.428 NB
1   37   -57.226    45.519    43.245    73.305 NB
1   38    47.096   -41.532    49.943    67.745 NB
1   39   -71.427    20.432    30.493    58.555 NB
1   40   -60.541   -35.305     6.216    53.272  B
1   41   -45.599   -30.140     0.521     2.000  B
1   42    50.348    17.660    56.743    70.562 NB
1   43    -2.061    -3.518     9.008    74.096  B
1   44    -9.316     1.854     8.244    78.482  B
1   45    24.340   -19.166    32.447    50.735 NB
1   46     4.882    23.929    33.969   107.976 NB
1   47   -44.676    56.686    30.629    51.287 NB
1   48    61.566     5.951    42.753    77.545 NB
1   49   -11.342    14.945    20.216    77.783 NB
1   50   -68.498     9.753    21.261    70.471 NB
1   51   -21.903     9.661    12.112    55.965 NB
1   52    46.574   -58.823    50.881    68.887 NB
1   53    27.867     6.274    40.080    69.174 NB
1   54   -34.725    41.037    37.728    59.489 NB
1   55   -57.043    61.625    30.148   106.074 NB
1   56    54.948   -57.296    48.016    58.521 NB
1   57   -74.921    46.720    52.144    72.690 NB
1   58   -54.878     5.520     8.575    74.394  B
1   59   -69.785    40.021    43.712    58.441 NB
1   60     5.411     3.173    18.626    79.359 NB
1   61    76.696    62.954    43.164    64.040 NB
1   62    -8.541   -14.944     1.599    36.633  B
1   63    -7.295    -9.425     2.438    51.830  B
1   64    26.696   -56.766    31.277   130.077 NB
1   65   -36.114   -10.772     0.509     8.721  B
1   66   -66.731   -69.204    28.269    58.552 NB
1   67     4.395    53.385    38.976    85.570 NB
1   68   -24.842   -12.360     1.173     3.640  B
1   69    61.080    61.490    56.356    67.506 NB
1   70    31.852   -32.086    37.184    65.230 NB
1   71    40.002    67.392    51.728    89.872 NB
1   72    10.498   -59.117    18.609    91.055 NB
1   73     9.026    11.809    26.721    91.959 NB
1   74    39.975   -45.533    42.628    57.587 NB
1   75   -31.319    62.091    21.211    45.986 NB
1   76   -34.668    28.955    25.694    66.533 NB
1   77     7.752    -5.960    16.714    72.199 NB
1   78   -17.261   -25.041     0.180     0.000  B
1   79   -76.368    -7.727    25.132    92.693 NB
1   80    62.442   -16.042    37.533    71.755 NB
1   81    26.626   -12.790    34.556    92.157 NB
1   82    51.771    -6.976    49.786    79.802 NB
1   83    75.399   -47.481    25.479    62.682 NB
1   84    16.106   -40.427    19.553    99.693 NB
1   85    64.698   -65.647    43.377    48.600 NB
1   86    40.950    -1.139    50.011    92.450 NB
1   87   -62.684    49.278    43.697    82.977 NB
1   88    36.501   -55.448    40.287    74.523 NB
1   89    28.199    22.779    48.506    98.087 NB
1   90   -74.501   -41.278    19.976    86.265 NB
1   91    76.289    42.603    50.831    52.622 NB
1   92    37.547   -11.966    45.462    61.076 NB
1   93   -15.000     4.925     9.917    78.055  B
1   94   -35.035    20.337    17.091    68.085 NB
1   95    71.990    42.368    53.563    50.113 NB
1   96     6.634    61.597    34.346    72.719 NB
1   97   -25.334   -42.349     0.080     0.000  B
1   98    34.704   -40.687    37.723    78.253 NB
1   99     1.987   -38.884     6.985    65.144  B
1  100    -4.042    25.876    32.749   103.136 NB
1  101    19.852    36.155    52.257    94.355 NB
1  102    54.341    55.798    65.130    97.829 NB
1  103    65.217   -25.489    33.863    53.240 NB
1  104    22.880    64.709    40.896    58.633 NB
1  105    59.890    55.957    61.040    53.794 NB
1  106    44.248   -52.387    47.339    68.898 NB
1  107   -51.993    68.894    21.367    52.434 NB
1  108   -25.892   -54.420     0.300     0.220  B
1  109   -43.275    27.547    23.552    60.735 NB
1  110   -14.675   -65.449     8.753    96.469  B
1  111   -68.563   -32.569    12.839    58.159 NB
1  112   -25.098     0.832     4.571    81.440  B
1  113   -45.291    22.438    18.386    46.304 NB
1  114    12.013   -25.788    19.610    65.777 NB
1  115    67.425    -2.089    36.144    88.007 NB
1  116   -40.355     7.819     5.169    79.486  B
1  117    31.365    34.617    58.627    77.337 NB
1  118    69.713    28.295    45.446   113.721 NB
1  119   -48.409    16.611    13.025    97.785 NB
1  120    13.223   -50.186    16.430    73.209 NB
1  121     7.334    45.933    46.557    60.580 NB
1  122   -56.160   -19.634     1.683    51.366  B
1  123   -21.620    23.064    25.156    83.638 NB
1  124    34.288   -27.420    40.500    50.304 NB
1  125    46.349    21.235    61.765    82.541 NB
1  126   -45.297   -46.999     3.312    59.882  B
1  127   -69.568    54.872    42.792    75.992 NB
1  128   -21.525   -53.387     0.687     4.410  B
1  129   -20.812    -5.087     1.525    34.731  B
1  130    59.826    33.326    56.240    66.008 NB
1  131   -15.551    64.808    18.529   102.770 NB
1  132   -61.531    12.793    18.295    92.487 NB
1  133    -2.452   -33.509     4.070    38.120  B
1  134   -14.901    33.128    36.210    42.976 NB
1  135    11.898    47.987    48.054    83.288 NB
1  136    64.628   -19.621    35.106    57.740 NB
1  137    33.292    28.676    56.142    81.432 NB
1  138    47.626    68.097    57.822    53.990 NB
1  139   -15.855   -45.696     0.172     2.630  B
1  140    21.273   -39.911    24.674    53.645 NB
1  141    19.643    13.778    36.323    79.564 NB
1  142   -75.322   -29.105    19.658    77.628 NB
1  143   -66.155    38.449    40.409    60.824 NB
1  144   -29.815    36.274    33.719    67.961 NB
1  145     0.653   -64.399    18.318   121.048 NB
1  146   -68.619   -60.312    24.561    67.710 NB
1  147    11.063    16.929    31.778    80.483 NB
1  148   -26.699   -60.677     3.232    55.615  B
1  149    60.594   -54.711    41.822    62.294 NB
1  150    28.927    12.540    43.812   106.466 NB
1  151   -49.178     7.122     5.229    62.944  B
1  152    43.568    26.515    63.354    71.998 NB
1  153    31.239    64.974    46.393    81.823 NB
1  154    61.749    -6.342    40.479    81.409 NB
1  155    53.380   -63.729    52.062    62.144 NB
1  156   -50.027   -68.114    15.492    58.393 NB
1  157    61.620    70.251    49.939    66.011 NB
1  158   -60.017   -55.158    15.946    74.511 NB
1  159   -70.608    -1.166    19.830    64.625 NB
1  160    54.461   -13.856    45.729    55.479 NB
1  161   -26.113    53.989    27.889    71.426 NB
1  162     3.946    40.510    49.018    64.809 NB
1  163    33.989     3.771    44.698    88.805 NB
1  164   -65.837    64.413    33.184    78.089 NB
1  165    18.090   -23.195    26.082    66.200 NB
1  166   -46.502    -0.213     1.536    31.613  B
1  167    12.272    32.057    44.666    86.196 NB
1  168   -20.752    31.480    32.599    65.391 NB
1  169   -58.637    37.571    36.205    54.213 NB
1  170    73.117   -64.471    36.093    73.604 NB
1  171    68.373    40.023    54.577    83.161 NB
1  172   -62.993   -14.896     9.980    81.468 NB
1  173   -28.787   -66.999     8.212    71.124  B
1  174     0.146   -49.201     4.289    50.868  B
1  175    -2.850   -28.881     4.440    56.201  B
1  176    56.110    30.140    57.330    81.684 NB
1  177    15.581    69.833    32.434   106.141 NB
1  178    63.749    18.729    44.902    66.370 NB
1  179    -9.570    59.491    25.837    81.487 NB
1  180    28.952    50.004    56.349    92.966 NB
1  181    57.048     1.285    46.639    62.250 NB
1  182    44.490   -10.904    52.412    84.045 NB
1  183    51.951   -43.573    47.979    47.810 NB
1  184    49.999    38.168    66.970    96.507 NB
1  185   -61.018   -64.880    21.155    65.193 NB
1  186   -46.982    43.191    39.189    59.318 NB
1  187    72.920   -23.757    26.744    62.609 NB
1  188   -27.791    43.809    38.191    81.386 NB
1  189    18.755   -51.564    22.130    80.039 NB
1  190    55.084   -48.861    45.561    65.068 NB
1  191    19.927   -71.185    33.861    63.333 NB
1  192    -9.237    45.770    38.585   112.332 NB
1  193   -69.606    50.391    46.377    46.332 NB
1  194   -38.272   -65.072     8.897    60.291  B
1  195   -12.884    23.566    27.450    81.362 NB
1  196    18.421    56.850    45.041    53.998 NB
1  197    36.814   -51.018    39.789    60.864 NB
1  198    60.474   -40.967    39.311    56.817 NB
1  199    43.599    31.952    66.359    85.191 NB
1  200    54.674    46.073    68.584    99.961 NB
1  201    75.767     1.889    28.076    67.001 NB
1  202    16.048    -4.598    25.017    95.221 NB
1  203    33.329   -18.763    41.437    55.780 NB
1  204   -72.215    62.773    38.975    56.111 NB
1  205   -28.980    28.036    26.008    63.805 NB
1  206    50.459    65.442    61.605    91.023 NB
1  207   -10.262    33.913    38.102    74.567 NB
1  208   -42.951   -34.150     0.534    17.200  B
1  209   -68.848    17.878    26.868    51.308 NB
1  210   -57.277   -69.870    21.250    61.847 NB
1  211    27.890   -22.040    35.861    54.079 NB
1  212     3.729   -51.591     8.517    70.001 NB
1  213   -65.069   -49.031    13.745    67.950 NB
1  214   -49.449    36.509    32.765    55.156 NB
1  215   -22.188    50.684    31.075    70.101 NB
1  216     8.595   -24.716    16.613    56.506 NB
1  217    -9.689   -49.786     4.669    55.103  B
1  218    64.379   -48.377    36.367    65.429 NB
1  219   -58.187    24.890    24.687    51.234 NB
1  220   -16.199   -57.387     3.535    55.934  B
1  221    67.826   -69.579    43.445    47.962 NB
1  222    31.665    40.903    63.374    66.513 NB
1  223    41.348   -30.170    46.743    77.933 NB
1  224    13.943   -16.312    22.323    90.967 NB
1  225    -8.594   -24.906     1.169    34.252  B
1  226   -47.924    55.620    32.837    49.487 NB
1  227    66.499    51.414    58.273   113.439 NB
1  228    51.538   -35.604    47.237    60.347 NB
1  229   -34.769     5.707     3.431    70.098  B
1  230    -5.969    12.114    18.985   104.860 NB
1  231    69.115   -58.382    35.688    62.768 NB
1  232   -45.744    65.213    23.074    85.901 NB
1  233   -42.856    38.867    34.875    66.709 NB
1  234   -73.771    26.541    36.561    63.507 NB
1  235    69.545    61.868    49.720    80.622 NB
1  236    59.270   -66.910    48.560    54.732 NB
1  237    57.433   -38.649    41.797    46.238 NB
1  238   -52.179   -52.500     9.046    56.654 NB
1  239   -42.859   -11.435     0.572     5.270  B
1  240    21.474    50.560    52.028    81.075 NB
1  241   -70.564    -8.891    19.622    62.031 NB
1  242    74.796   -35.650    24.176    51.636 NB
1  243    57.809    39.757    61.963    67.876 NB
1  244   -61.370     1.595    11.175    54.830  B
1  245   -69.371   -52.526    19.287    55.475 NB
1  246   -62.754    23.281    26.208    71.285 NB
1  247   -50.811    31.185    27.758    48.465 NB
1  248    -8.104   -71.034    17.362    93.792 NB
1  249   -59.249   -28.004     4.611    66.294  B
1  250    -3.368    58.085    30.390    76.466 NB
1  251   -73.649   -56.211    24.933    62.607 NB
1  252   -51.916   -21.684     0.232    10.291  B
1  253     6.200   -12.098    14.118    75.238  B
1  254    21.483    20.940    42.105    92.336 NB
1  255     4.627   -33.132    10.375    79.018 NB
1  256   -76.103     8.362    27.355    77.219 NB
1  257    27.245   -41.578    30.214    85.501 NB
1  258    54.070   -18.329    45.701    56.702 NB
1  259   -73.396    30.986    39.177    85.947 NB
1  260   -29.379    15.013    14.063    88.122 NB
1  261   -49.518    50.592    38.080    70.744 NB
1  262    73.784    68.127    42.930    59.819 NB
1  263    -5.913   -62.254    11.914    68.863 NB
1  264    18.152    33.995    49.512    62.781 NB
1  265   -49.981   -62.735    11.055    63.147 NB
1  266   -58.921    -7.260     9.229   102.980  B
1  267   -38.591    46.928    38.011    90.693 NB
1  268   -72.498   -69.347    33.398    73.720 NB
1  269    40.114    49.715    63.501   158.228 NB
1  270   -55.971   -48.201     8.148    57.579  B
1  271   -24.564    67.718    14.074    91.507 NB
1  272    -8.152   -55.085     6.238    62.934  B
1  273     0.642    64.251    28.764    93.164 NB
1  274    23.393   -32.468    28.854    89.400 NB
1  275    71.306    18.196    38.075    94.917 NB
1  276    26.332    69.853    39.478    74.227 NB
1  277    -1.304     3.614    13.605    67.445 NB
1  278    70.453   -35.413    28.424    62.172 NB
1  279   -39.889    22.094    18.734    49.615 NB
1  280    33.188    -7.325    41.343    88.208 NB
1  281   -17.468    39.025    40.779    85.180 NB
1  282   -33.628   -52.898     0.312    21.711  B
1  283    24.568    57.099    48.018    63.877 NB
1  284     5.821    34.007    43.526    64.846 NB
1  285     2.741   -19.260    11.026    91.506  B
1  286   -59.444    32.811    32.205    62.331 NB
1  287    62.101   -29.735    36.510    78.214 NB
1  288    16.271     3.953    28.787    70.823 NB
1  289   -45.826   -52.998     2.686    39.712  B
1  290   -14.469    50.273    32.688    83.632 NB
1  291   -52.986   -40.884     1.064    51.325  B
2    1   -55.618   -28.700    16.785    71.114 NB
2    2   -36.918   -42.653     0.142     4.780  B
2    3   -14.078    45.368    49.675    86.265 NB
2    4   -45.718   -33.480     5.792    48.520  B
2    5    -2.458   -59.468    17.221    69.448 NB
2    6    68.690     5.168    57.421    78.057 NB
2    7    42.401    53.660    69.138    63.165 NB
2    8    -2.967   -64.762    21.633    51.881 NB
2    9   -67.740    -7.401    35.914   110.863 NB
2   10    55.204    20.471    72.696    57.593 NB
2   11   -77.143     3.561    49.124    56.249 NB
2   12   -41.188   -68.470    13.700    60.012 NB
2   13   -46.966    17.699    40.173    79.071 NB
2   14   -46.913   -26.304     8.848    70.150  B
2   15     1.512    32.962    43.367    91.379 NB
2   16   -58.236    57.889    34.005    48.430 NB
2   17     7.371   -51.586    18.901   102.234 NB
2   18   -14.071    67.616    27.843    56.706 NB
2   19    70.125    33.580    68.599    72.323 NB
2   20   -43.004     3.977    25.908    51.628 NB
2   21   -44.632   -69.800    15.401    76.320 NB
2   22     1.054    64.803    35.214    76.085 NB
2   23   -42.271    52.272    35.585    65.263 NB
2   24    40.891   -42.336    50.632    65.603 NB
2   25    28.001   -48.466    38.050    55.790 NB
2   26    30.113    34.370    59.902    78.156 NB
2   27    52.225    59.253    66.179    91.886 NB
2   28    59.436   -57.223    51.968    69.271 NB
2   29   -53.722    62.954    27.481    58.644 NB
2   30   -62.083    23.292    51.807    67.752 NB
2   31    76.983    35.745    62.849    76.166 NB
2   32    58.823    59.153    60.355    77.582 NB
2   33    76.813    62.765    43.179    68.815 NB
2   34    70.173   -59.880    41.639    62.295 NB
2   35    54.636   -48.713    56.742    92.803 NB
2   36    11.950   -33.270    22.201    60.649 NB
2   37    -9.574   -36.633     3.243    20.100  B
2   38    67.669    59.935    52.337    84.657 NB
2   39    42.345   -64.337    56.075    61.908 NB
2   40    57.193   -26.854    57.238    67.692 NB
2   41    14.824   -42.729    24.564    91.273 NB
2   42   -67.946   -40.535    25.742   103.536 NB
2   43    -5.786    30.707    39.370    75.592 NB
2   44    12.348   -25.670    20.626    88.010 NB
2   45    18.551   -30.828    27.912    83.948 NB
2   46    45.882   -55.069    56.794    70.633 NB
2   47   -73.533   -56.941    30.659    68.966 NB
2   48    51.213   -60.357    60.472    86.664 NB
2   49    35.974    48.985    67.806    75.992 NB
2   50   -16.883   -17.476     0.280     2.460  B
2   51   -24.381     3.944    16.941    92.879 NB
2   52    26.739   -26.116    34.938    71.562 NB
2   53    40.997    66.377    60.351    65.680 NB
2   54   -64.783    55.749    39.220    58.833 NB
2   55   -12.723    -5.438     2.668    70.053  B
2   56   -39.071    43.146    44.730    62.506 NB
2   57    34.656    64.556    56.227    82.538 NB
2   58     9.765   -69.795    32.708    60.369 NB
2   59   -65.879    65.482    32.461    40.874 NB
2   60   -29.946    49.800    39.605    86.932 NB
2   61    -9.662   -39.607     1.335    36.681  B
2   62   -21.322    12.854    22.744    93.157 NB
2   63   -34.257   -55.311     4.753    80.910  B
2   64    -9.323    50.754    45.360    59.459 NB
2   65     4.813   -66.641    27.288    67.452 NB
2   66    -8.673   -65.869    21.068    56.771 NB
2   67    48.235     4.817    61.083    53.824 NB
2   68    57.597    20.027    74.444    74.052 NB
2   69   -74.305    66.767    38.226    68.753 NB
2   70    12.320     9.918    30.203   112.035 NB
2   71    70.630    43.342    60.790    66.958 NB
2   72   -23.375    45.676    45.690    78.811 NB
2   73    27.734    22.025    49.803    95.276 NB
2   74   -41.819   -35.595     1.384    36.921  B
2   75    53.246    69.619    61.359    63.983 NB
2   76    22.232   -51.780    33.006    61.038 NB
2   77   -54.809    -9.360    23.328    84.083 NB
2   78   -52.627    15.399    40.245    74.334 NB
2   79    59.352    71.042    55.128    60.788 NB
2   80    24.856    10.675    41.112   115.717 NB
2   81    16.092   -13.987    25.137    95.857 NB
2   82    75.984   -40.241    36.099    87.295 NB
2   83   -64.483   -19.580    27.660    86.191 NB
2   84     1.664     2.142    17.033    73.678 NB
2   85   -57.349    18.677    45.397    47.881 NB
2   86   -24.618    54.953    36.732    63.808 NB
2   87    -6.262    66.833    31.236    71.980 NB
2   88   -64.794    41.452    51.645    53.754 NB
2   89   -12.964    13.947    22.046    86.389 NB
2   90   -68.867   -62.445    27.439    62.136 NB
2   91    72.830   -66.563    40.753    45.670 NB
2   92    11.309   -59.660    26.508    47.376 NB
2   93   -40.101    12.155    33.088    70.853 NB
2   94    14.225    28.641    45.404    49.938 NB
2   95    44.831   -14.960    53.286   102.179 NB
2   96    54.462   -34.275    58.305    66.100 NB
2   97    54.622   -38.994    57.459    44.043 NB
2   98     4.826     8.725    23.898    61.563 NB
2   99   -37.444    18.247    36.303    82.006 NB
2  100   -50.948   -51.683     7.900   100.609  B
2  101    60.578    -8.890    58.852    63.915 NB
2  102   -30.401    -9.876     9.236    81.315  B
2  103   -14.034    59.095    36.152    61.579 NB
2  104    -5.286     7.769    17.409    74.529 NB
2  105    74.343    28.314    66.843    86.039 NB
2  106   -42.686    28.595    47.535    82.038 NB
2  107    35.154   -50.338    45.395    64.833 NB
2  108   -74.572    53.648    47.002    63.350 NB
2  109    32.446    26.292    56.148    61.803 NB
2  110    75.939   -25.031    39.484    73.862 NB
2  111    64.088   -70.223    50.218    63.727 NB
2  112   -64.859    69.765    28.846    66.225 NB
2  113    25.445    44.551    64.825    78.075 NB
2  114   -70.177    51.567    45.768    54.207 NB
2  115    56.565    33.150    77.891    84.573 NB
2  116     3.340   -41.548    13.217   120.348  B
2  117     6.662    63.053    39.168    67.853 NB
2  118   -56.179    -5.301    26.619    77.599 NB
2  119   -38.988    24.575    42.082    82.708 NB
2  120    27.723    51.415    60.614    73.474 NB
2  121   -48.922   -40.007     7.265    76.406  B
2  122   -53.423    54.223    35.544    71.452 NB
2  123    35.311   -10.983    44.535    79.369 NB
2  124    74.124   -18.352    43.070    66.837 NB
2  125   -61.810    16.927    46.400    56.081 NB
2  126   -68.760   -18.225    32.142    73.615 NB
2  127    72.368    54.897    51.530    50.576 NB
2  128    41.020   -59.546    53.215    42.559 NB
2  129   -36.723    59.009    29.139    82.886 NB
2  130   -32.523    66.305    23.134    68.776 NB
2  131    48.248    70.351    64.701    71.110 NB
2  132    63.596     7.345    62.952    84.488 NB
2  133    31.081   -28.520    39.572    57.410 NB
2  134    73.994   -31.389    39.840    89.406 NB
2  135    21.287    -3.058    33.094    83.820 NB
2  136   -54.116    36.254    53.086    89.866 NB
2  137   -26.801    36.245    46.600    93.835 NB
2  138    28.796   -19.531    36.859    78.404 NB
2  139   -17.588    20.748    29.294    71.799 NB
2  140   -61.701   -62.807    20.847    38.841 NB
2  141   -11.148    56.245    39.583    64.313 NB
2  142    54.493   -21.067    61.226    98.217 NB
2  143   -54.570   -33.657    14.273    54.929 NB
2  144   -38.826     0.753    21.653    77.973 NB
2  145    -0.590    50.235    48.652    69.276 NB
2  146    51.992   -42.456    59.824    55.419 NB
2  147    73.443   -48.417    38.045    65.249 NB
2  148    64.160   -41.869    47.706    68.970 NB
2  149    56.472    49.673    67.346    92.685 NB
2  150   -24.842   -64.855    16.537    60.371 NB
2  151   -33.095   -23.998     0.839    27.280  B
2  152   -31.519     8.775    25.451    71.693 NB
2  153    48.429    46.709    75.674    60.555 NB
2  154   -53.465   -45.670    10.876    55.714  B
2  155   -47.583     2.254    26.290    90.707 NB
2  156   -21.787    52.412    40.293    55.407 NB
2  157    35.845   -36.760    46.073    61.573 NB
2  158     6.331   -31.905    16.467    69.733 NB
2  159    12.916    -3.359    24.831    96.762 NB
2  160    58.217    -2.197    63.621   105.948 NB
2  161   -13.610    33.303    41.412   119.021 NB
2  162    63.499    50.872    60.964    79.041 NB
2  163   -26.362    -3.743    12.711    60.109 NB
2  164   -64.563   -27.253    25.604    67.354 NB
2  165    -3.356    -7.137     8.126    46.804 NB
2  166    67.924   -16.425    49.557    55.107 NB
2  167    10.283    -9.746    21.144    52.832 NB
2  168   -40.914    48.227    39.607    49.541 NB
2  169   -75.504   -64.211    34.282    64.613 NB
2  170    10.111    40.839    53.887    99.267 NB
2  171   -15.808   -43.625     0.264    59.773  B
2  172   -50.310   -19.398    15.340   104.635 NB
2  173    76.608   -52.770    34.615    68.458 NB
2  174    76.354    43.260    57.134    72.595 NB
2  175    29.019    12.231    45.518    64.029 NB
2  176   -66.069    33.268    59.628    72.249 NB
2  177   -23.006    -6.692     8.245    48.966 NB
2  178    45.742    49.752    74.227    52.806 NB
2  179   -55.350    69.616    22.449    78.170 NB
2  180    45.017    20.979    63.749    86.083 NB
2  181   -42.748   -59.368     4.832    88.355  B
2  182    20.840   -66.564    38.274    71.667 NB
2  183    37.308    59.504    61.467    71.746 NB
2  184    33.635   -15.058    42.199    64.120 NB
2  185    65.779   -11.306    53.138    56.193 NB
2  186   -59.328   -45.588    16.730    67.155 NB
2  187    -9.011   -26.941     3.642    66.283  B
2  188    61.546   -33.899    51.411    78.706 NB
2  189    40.898    31.006    65.708   104.957 NB
2  190   -62.412   -52.816    19.270    81.187 NB
2  191   -66.818    11.476    45.569    75.308 NB
2  192    46.606    -0.026    58.475    53.911 NB
2  193    45.821   -37.964    55.826    84.374 NB
2  194   -39.273    37.270    50.593    80.145 NB
2  195    39.450    16.810    56.888    58.864 NB
2  196   -45.558    -9.276    15.860   105.351 NB
2  197    74.254     9.594    54.792    73.049 NB
2  198    71.670    49.495    55.663    48.998 NB
2  199   -13.420   -18.309     0.626     1.180  B
2  200   -18.534   -70.575    22.655    65.688 NB
2  201    10.531    32.881    46.984    66.256 NB
2  202    37.689     5.559    51.069    59.504 NB
2  203   -61.210   -36.501    20.022    70.202 NB
2  204   -69.871   -30.901    29.819    82.741 NB
2  205   -62.588    38.212    53.726    47.663 NB
2  206    33.821   -34.687    43.638    57.510 NB
2  207    39.689   -49.381    49.761    57.807 NB
2  208    37.337   -70.983    54.486    64.560 NB
2  209   -71.163    23.026    56.995    56.480 NB
2  210   -22.568    64.178    29.941    79.377 NB
2  211     4.707   -25.660    13.160    97.533  B
2  212    53.653   -12.825    62.322    77.166 NB
2  213   -33.714   -69.871    16.760    70.801 NB
2  214    21.968   -40.822    31.811    72.951 NB
2  215    23.181   -10.571    32.894    79.959 NB
2  216    -6.411   -36.170     5.695    71.615  B
2  217   -73.955   -10.997    39.821    63.457 NB
2  218   -58.458     5.677    35.580    68.772 NB
2  219    -6.207    40.042    48.539    77.694 NB
2  220   -68.881    27.713    59.282    55.504 NB
2  221    66.720   -55.024    44.554    74.791 NB
2  222   -62.377   -57.629    19.808    50.155 NB
2  223    19.434    40.116    57.804    96.263 NB
2  224   -43.742    62.370    25.612    66.215 NB
2  225    64.889   -23.305    50.599    87.940 NB
2  226   -58.010    46.326    44.508    72.948 NB
2  227    12.818    26.191    42.593    81.322 NB
2  228    61.374   -63.906    51.050    67.247 NB
2  229    18.093   -53.010    29.391    75.780 NB
2  230   -64.046    61.912    33.847    48.775 NB
2  231   -72.643     7.076    47.206    75.941 NB
2  232    36.315     9.360    50.990    57.347 NB
2  233    72.900   -71.055    42.263    64.754 NB
2  234     0.162    -4.199    12.383    63.615 NB
2  235   -49.034    43.669    44.867    90.865 NB
2  236     4.357    57.570    43.157    67.938 NB
2  237    72.811    -8.297    47.824    74.693 NB
2  238   -35.992   -11.575     9.005    87.610  B
2  239    38.811   -26.071    46.948   128.948 NB
2  240   -10.135     2.432    10.779    97.520 NB
2  241    28.444   -69.855    46.368    82.437 NB
2  242    -2.399    45.907    52.134    66.753 NB
2  243     6.688   -13.147    16.557    94.211 NB
2  244    76.176    20.338    59.915    75.227 NB
2  245   -17.708   -61.565    13.935   105.058  B
2  246    49.577     8.703    63.361   102.912 NB
2  247   -23.239   -61.984    14.052    55.264  B
2  248   -59.731     3.551    34.967    75.643 NB
2  249    62.875    15.525    67.573   108.856 NB
2  250    35.693   -60.309    48.420    54.313 NB
2  251    14.900    56.642    48.896    89.249 NB
2  252   -28.859   -52.380     4.187    72.775  B
2  253    27.682    -2.864    39.433    96.319 NB
2  254    -8.439   -69.745    24.937    44.014 NB
2  255   -74.973    17.775    55.816    55.963 NB
2  256    35.943    19.862    55.309    58.176 NB
2  257    -1.480    18.852    29.096    61.300 NB
2  258   -24.775   -45.767     1.329    52.463  B
2  259    49.223    38.784    77.054   103.967 NB
2  260    23.791    30.534    52.795    83.870 NB
2  261   -52.707    28.119    51.918    96.534 NB
2  262    36.105    40.920    68.777    96.188 NB
2  263    -5.921   -53.296    10.170   137.161  B
2  264     8.807   -59.022    24.156    48.802 NB
2  265   -47.308    60.196    28.272    50.495 NB
2  266   -52.810   -61.185    12.213    90.981 NB
2  267    18.738    67.398    42.588   120.266 NB
2  268     9.026    51.008    51.027    89.531 NB
2  269   -76.844    -3.912    45.664    69.011 NB
2  270   -59.517   -66.310    20.640    50.805 NB
2  271   -20.742   -10.795     4.240    62.521  B
2  272    -5.824    -9.811     5.529    55.602  B
2  273    46.972    -6.378    56.940    78.625 NB
2  274   -33.125     5.150    23.744    55.524 NB
2  275   -28.849    70.014    21.562    50.705 NB
2  276   -64.722    46.559    47.052    52.943 NB
2  277     8.370    15.449    31.311    73.427 NB
2  278   -30.660    36.130    47.822    85.710 NB
2  279    63.027    35.706    71.559    99.123 NB
2  280    26.818   -62.851    41.338    53.429 NB
2  281    25.893   -43.812    35.621    58.405 NB
2  282    51.876    27.049    72.686    78.719 NB
2  283    -9.045    22.358    30.642    79.836 NB
2  284   -23.855    22.775    32.904   128.631 NB
2  285    12.923   -65.807    31.769    50.712 NB
2  286    38.670    -0.163    50.715    76.317 NB
2  287    22.374    53.161    56.024    96.095 NB
2  288   -39.051   -21.491     4.904    87.308  B
2  289    67.894   -42.196    43.959    61.278 NB
2  290     0.552    14.540    26.107    51.219 NB
2  291     4.656    22.487    35.045    75.833 NB
2  292    30.190   -60.529    43.385    55.389 NB
2  293    -5.592   -18.309     3.321    79.962  B
